ARM GAS  /tmp/ccuQa3d1.s 			page 1


   1              		.cpu cortex-m0
   2              		.eabi_attribute 20, 1
   3              		.eabi_attribute 21, 1
   4              		.eabi_attribute 23, 3
   5              		.eabi_attribute 24, 1
   6              		.eabi_attribute 25, 1
   7              		.eabi_attribute 26, 1
   8              		.eabi_attribute 30, 1
   9              		.eabi_attribute 34, 0
  10              		.eabi_attribute 18, 4
  11              		.file	"stm32f0xx_hal_gpio.c"
  12              		.text
  13              	.Ltext0:
  14              		.cfi_sections	.debug_frame
  15              		.section	.text.HAL_GPIO_Init,"ax",%progbits
  16              		.align	1
  17              		.global	HAL_GPIO_Init
  18              		.syntax unified
  19              		.code	16
  20              		.thumb_func
  21              		.fpu softvfp
  23              	HAL_GPIO_Init:
  24              	.LFB37:
  25              		.file 1 "Drivers/STM32F0xx_HAL_Driver/Src/stm32f0xx_hal_gpio.c"
   1:Drivers/STM32F0xx_HAL_Driver/Src/stm32f0xx_hal_gpio.c **** /**
   2:Drivers/STM32F0xx_HAL_Driver/Src/stm32f0xx_hal_gpio.c ****   ******************************************************************************
   3:Drivers/STM32F0xx_HAL_Driver/Src/stm32f0xx_hal_gpio.c ****   * @file    stm32f0xx_hal_gpio.c
   4:Drivers/STM32F0xx_HAL_Driver/Src/stm32f0xx_hal_gpio.c ****   * @author  MCD Application Team
   5:Drivers/STM32F0xx_HAL_Driver/Src/stm32f0xx_hal_gpio.c ****   * @brief   GPIO HAL module driver.
   6:Drivers/STM32F0xx_HAL_Driver/Src/stm32f0xx_hal_gpio.c ****   *          This file provides firmware functions to manage the following 
   7:Drivers/STM32F0xx_HAL_Driver/Src/stm32f0xx_hal_gpio.c ****   *          functionalities of the General Purpose Input/Output (GPIO) peripheral:
   8:Drivers/STM32F0xx_HAL_Driver/Src/stm32f0xx_hal_gpio.c ****   *           + Initialization and de-initialization functions
   9:Drivers/STM32F0xx_HAL_Driver/Src/stm32f0xx_hal_gpio.c ****   *           + IO operation functions
  10:Drivers/STM32F0xx_HAL_Driver/Src/stm32f0xx_hal_gpio.c ****   *         
  11:Drivers/STM32F0xx_HAL_Driver/Src/stm32f0xx_hal_gpio.c ****   @verbatim
  12:Drivers/STM32F0xx_HAL_Driver/Src/stm32f0xx_hal_gpio.c ****   ==============================================================================
  13:Drivers/STM32F0xx_HAL_Driver/Src/stm32f0xx_hal_gpio.c ****                     ##### GPIO Peripheral features #####
  14:Drivers/STM32F0xx_HAL_Driver/Src/stm32f0xx_hal_gpio.c ****   ==============================================================================         
  15:Drivers/STM32F0xx_HAL_Driver/Src/stm32f0xx_hal_gpio.c ****   [..] 
  16:Drivers/STM32F0xx_HAL_Driver/Src/stm32f0xx_hal_gpio.c ****     (+) Each port bit of the general-purpose I/O (GPIO) ports can be individually
  17:Drivers/STM32F0xx_HAL_Driver/Src/stm32f0xx_hal_gpio.c ****   configured by software in several modes:
  18:Drivers/STM32F0xx_HAL_Driver/Src/stm32f0xx_hal_gpio.c ****         (++) Input mode
  19:Drivers/STM32F0xx_HAL_Driver/Src/stm32f0xx_hal_gpio.c ****         (++) Analog mode
  20:Drivers/STM32F0xx_HAL_Driver/Src/stm32f0xx_hal_gpio.c ****         (++) Output mode
  21:Drivers/STM32F0xx_HAL_Driver/Src/stm32f0xx_hal_gpio.c ****         (++) Alternate function mode
  22:Drivers/STM32F0xx_HAL_Driver/Src/stm32f0xx_hal_gpio.c ****         (++) External interrupt/event lines
  23:Drivers/STM32F0xx_HAL_Driver/Src/stm32f0xx_hal_gpio.c ****  
  24:Drivers/STM32F0xx_HAL_Driver/Src/stm32f0xx_hal_gpio.c ****     (+) During and just after reset, the alternate functions and external interrupt
  25:Drivers/STM32F0xx_HAL_Driver/Src/stm32f0xx_hal_gpio.c ****   lines are not active and the I/O ports are configured in input floating mode.
  26:Drivers/STM32F0xx_HAL_Driver/Src/stm32f0xx_hal_gpio.c ****   
  27:Drivers/STM32F0xx_HAL_Driver/Src/stm32f0xx_hal_gpio.c ****     (+) All GPIO pins have weak internal pull-up and pull-down resistors, which can be
  28:Drivers/STM32F0xx_HAL_Driver/Src/stm32f0xx_hal_gpio.c ****   activated or not.
  29:Drivers/STM32F0xx_HAL_Driver/Src/stm32f0xx_hal_gpio.c ****            
  30:Drivers/STM32F0xx_HAL_Driver/Src/stm32f0xx_hal_gpio.c ****     (+) In Output or Alternate mode, each IO can be configured on open-drain or push-pull
  31:Drivers/STM32F0xx_HAL_Driver/Src/stm32f0xx_hal_gpio.c ****   type and the IO speed can be selected depending on the VDD value.
  32:Drivers/STM32F0xx_HAL_Driver/Src/stm32f0xx_hal_gpio.c ****        
  33:Drivers/STM32F0xx_HAL_Driver/Src/stm32f0xx_hal_gpio.c ****     (+) The microcontroller IO pins are connected to onboard peripherals/modules through a
ARM GAS  /tmp/ccuQa3d1.s 			page 2


  34:Drivers/STM32F0xx_HAL_Driver/Src/stm32f0xx_hal_gpio.c ****         multiplexer that allows only one peripheral alternate function (AF) connected
  35:Drivers/STM32F0xx_HAL_Driver/Src/stm32f0xx_hal_gpio.c ****   to an IO pin at a time. In this way, there can be no conflict between peripherals 
  36:Drivers/STM32F0xx_HAL_Driver/Src/stm32f0xx_hal_gpio.c ****   sharing the same IO pin. 
  37:Drivers/STM32F0xx_HAL_Driver/Src/stm32f0xx_hal_gpio.c ****   
  38:Drivers/STM32F0xx_HAL_Driver/Src/stm32f0xx_hal_gpio.c ****     (+) All ports have external interrupt/event capability. To use external interrupt
  39:Drivers/STM32F0xx_HAL_Driver/Src/stm32f0xx_hal_gpio.c ****   lines, the port must be configured in input mode. All available GPIO pins are 
  40:Drivers/STM32F0xx_HAL_Driver/Src/stm32f0xx_hal_gpio.c ****   connected to the 16 external interrupt/event lines from EXTI0 to EXTI15.
  41:Drivers/STM32F0xx_HAL_Driver/Src/stm32f0xx_hal_gpio.c ****   
  42:Drivers/STM32F0xx_HAL_Driver/Src/stm32f0xx_hal_gpio.c ****     (+) The external interrupt/event controller consists of up to 28 edge detectors
  43:Drivers/STM32F0xx_HAL_Driver/Src/stm32f0xx_hal_gpio.c ****         (16 lines are connected to GPIO) for generating event/interrupt requests (each
  44:Drivers/STM32F0xx_HAL_Driver/Src/stm32f0xx_hal_gpio.c ****         input line can be independently configured to select the type (interrupt or event)
  45:Drivers/STM32F0xx_HAL_Driver/Src/stm32f0xx_hal_gpio.c ****         and the corresponding trigger event (rising or falling or both). Each line can
  46:Drivers/STM32F0xx_HAL_Driver/Src/stm32f0xx_hal_gpio.c ****         also be masked independently.
  47:Drivers/STM32F0xx_HAL_Driver/Src/stm32f0xx_hal_gpio.c ****    
  48:Drivers/STM32F0xx_HAL_Driver/Src/stm32f0xx_hal_gpio.c ****             ##### How to use this driver #####
  49:Drivers/STM32F0xx_HAL_Driver/Src/stm32f0xx_hal_gpio.c ****   ==============================================================================  
  50:Drivers/STM32F0xx_HAL_Driver/Src/stm32f0xx_hal_gpio.c ****   [..]
  51:Drivers/STM32F0xx_HAL_Driver/Src/stm32f0xx_hal_gpio.c ****    (#) Enable the GPIO AHB clock using the following function : __HAL_RCC_GPIOx_CLK_ENABLE(). 
  52:Drivers/STM32F0xx_HAL_Driver/Src/stm32f0xx_hal_gpio.c ****                                     
  53:Drivers/STM32F0xx_HAL_Driver/Src/stm32f0xx_hal_gpio.c ****    (#) Configure the GPIO pin(s) using HAL_GPIO_Init().
  54:Drivers/STM32F0xx_HAL_Driver/Src/stm32f0xx_hal_gpio.c ****        (++) Configure the IO mode using "Mode" member from GPIO_InitTypeDef structure
  55:Drivers/STM32F0xx_HAL_Driver/Src/stm32f0xx_hal_gpio.c ****        (++) Activate Pull-up, Pull-down resistor using "Pull" member from GPIO_InitTypeDef 
  56:Drivers/STM32F0xx_HAL_Driver/Src/stm32f0xx_hal_gpio.c ****             structure.
  57:Drivers/STM32F0xx_HAL_Driver/Src/stm32f0xx_hal_gpio.c ****        (++) In case of Output or alternate function mode selection: the speed is 
  58:Drivers/STM32F0xx_HAL_Driver/Src/stm32f0xx_hal_gpio.c ****              configured through "Speed" member from GPIO_InitTypeDef structure.
  59:Drivers/STM32F0xx_HAL_Driver/Src/stm32f0xx_hal_gpio.c ****         (++) In alternate mode is selection, the alternate function connected to the IO
  60:Drivers/STM32F0xx_HAL_Driver/Src/stm32f0xx_hal_gpio.c ****              is configured through "Alternate" member from GPIO_InitTypeDef structure.
  61:Drivers/STM32F0xx_HAL_Driver/Src/stm32f0xx_hal_gpio.c ****        (++) Analog mode is required when a pin is to be used as ADC channel 
  62:Drivers/STM32F0xx_HAL_Driver/Src/stm32f0xx_hal_gpio.c ****             or DAC output.
  63:Drivers/STM32F0xx_HAL_Driver/Src/stm32f0xx_hal_gpio.c ****        (++) In case of external interrupt/event selection the "Mode" member from 
  64:Drivers/STM32F0xx_HAL_Driver/Src/stm32f0xx_hal_gpio.c ****             GPIO_InitTypeDef structure select the type (interrupt or event) and 
  65:Drivers/STM32F0xx_HAL_Driver/Src/stm32f0xx_hal_gpio.c ****             the corresponding trigger event (rising or falling or both).
  66:Drivers/STM32F0xx_HAL_Driver/Src/stm32f0xx_hal_gpio.c ****   
  67:Drivers/STM32F0xx_HAL_Driver/Src/stm32f0xx_hal_gpio.c ****    (#) In case of external interrupt/event mode selection, configure NVIC IRQ priority 
  68:Drivers/STM32F0xx_HAL_Driver/Src/stm32f0xx_hal_gpio.c ****        mapped to the EXTI line using HAL_NVIC_SetPriority() and enable it using
  69:Drivers/STM32F0xx_HAL_Driver/Src/stm32f0xx_hal_gpio.c ****        HAL_NVIC_EnableIRQ().
  70:Drivers/STM32F0xx_HAL_Driver/Src/stm32f0xx_hal_gpio.c ****   
  71:Drivers/STM32F0xx_HAL_Driver/Src/stm32f0xx_hal_gpio.c ****    (#) HAL_GPIO_DeInit allows to set register values to their reset value. It's also 
  72:Drivers/STM32F0xx_HAL_Driver/Src/stm32f0xx_hal_gpio.c ****        recommended to use it to unconfigure pin which was used as an external interrupt 
  73:Drivers/STM32F0xx_HAL_Driver/Src/stm32f0xx_hal_gpio.c ****        or in event mode. That's the only way to reset corresponding bit in EXTI & SYSCFG 
  74:Drivers/STM32F0xx_HAL_Driver/Src/stm32f0xx_hal_gpio.c ****        registers.
  75:Drivers/STM32F0xx_HAL_Driver/Src/stm32f0xx_hal_gpio.c ****   
  76:Drivers/STM32F0xx_HAL_Driver/Src/stm32f0xx_hal_gpio.c ****    (#) To get the level of a pin configured in input mode use HAL_GPIO_ReadPin().
  77:Drivers/STM32F0xx_HAL_Driver/Src/stm32f0xx_hal_gpio.c ****   
  78:Drivers/STM32F0xx_HAL_Driver/Src/stm32f0xx_hal_gpio.c ****    (#) To set/reset the level of a pin configured in output mode use 
  79:Drivers/STM32F0xx_HAL_Driver/Src/stm32f0xx_hal_gpio.c ****        HAL_GPIO_WritePin()/HAL_GPIO_TogglePin().
  80:Drivers/STM32F0xx_HAL_Driver/Src/stm32f0xx_hal_gpio.c ****   
  81:Drivers/STM32F0xx_HAL_Driver/Src/stm32f0xx_hal_gpio.c ****    (#) To lock pin configuration until next reset use HAL_GPIO_LockPin().
  82:Drivers/STM32F0xx_HAL_Driver/Src/stm32f0xx_hal_gpio.c ****   
  83:Drivers/STM32F0xx_HAL_Driver/Src/stm32f0xx_hal_gpio.c ****    (#) During and just after reset, the alternate functions are not 
  84:Drivers/STM32F0xx_HAL_Driver/Src/stm32f0xx_hal_gpio.c ****        active and the GPIO pins are configured in input floating mode (except JTAG
  85:Drivers/STM32F0xx_HAL_Driver/Src/stm32f0xx_hal_gpio.c ****        pins).
  86:Drivers/STM32F0xx_HAL_Driver/Src/stm32f0xx_hal_gpio.c ****   
  87:Drivers/STM32F0xx_HAL_Driver/Src/stm32f0xx_hal_gpio.c ****    (#) The LSE oscillator pins OSC32_IN and OSC32_OUT can be used as general purpose 
  88:Drivers/STM32F0xx_HAL_Driver/Src/stm32f0xx_hal_gpio.c ****        (PC14 and PC15, respectively) when the LSE oscillator is off. The LSE has 
  89:Drivers/STM32F0xx_HAL_Driver/Src/stm32f0xx_hal_gpio.c ****        priority over the GPIO function.
  90:Drivers/STM32F0xx_HAL_Driver/Src/stm32f0xx_hal_gpio.c ****   
ARM GAS  /tmp/ccuQa3d1.s 			page 3


  91:Drivers/STM32F0xx_HAL_Driver/Src/stm32f0xx_hal_gpio.c ****    (#) The HSE oscillator pins OSC_IN/OSC_OUT can be used as 
  92:Drivers/STM32F0xx_HAL_Driver/Src/stm32f0xx_hal_gpio.c ****         general purpose PF0 and PF1, respectively, when the HSE oscillator is off.
  93:Drivers/STM32F0xx_HAL_Driver/Src/stm32f0xx_hal_gpio.c ****        The HSE has priority over the GPIO function.
  94:Drivers/STM32F0xx_HAL_Driver/Src/stm32f0xx_hal_gpio.c ****   
  95:Drivers/STM32F0xx_HAL_Driver/Src/stm32f0xx_hal_gpio.c ****   @endverbatim
  96:Drivers/STM32F0xx_HAL_Driver/Src/stm32f0xx_hal_gpio.c ****   ******************************************************************************
  97:Drivers/STM32F0xx_HAL_Driver/Src/stm32f0xx_hal_gpio.c ****   * @attention
  98:Drivers/STM32F0xx_HAL_Driver/Src/stm32f0xx_hal_gpio.c ****   *
  99:Drivers/STM32F0xx_HAL_Driver/Src/stm32f0xx_hal_gpio.c ****   * <h2><center>&copy; COPYRIGHT(c) 2016 STMicroelectronics</center></h2>
 100:Drivers/STM32F0xx_HAL_Driver/Src/stm32f0xx_hal_gpio.c ****   *
 101:Drivers/STM32F0xx_HAL_Driver/Src/stm32f0xx_hal_gpio.c ****   * Redistribution and use in source and binary forms, with or without modification,
 102:Drivers/STM32F0xx_HAL_Driver/Src/stm32f0xx_hal_gpio.c ****   * are permitted provided that the following conditions are met:
 103:Drivers/STM32F0xx_HAL_Driver/Src/stm32f0xx_hal_gpio.c ****   *   1. Redistributions of source code must retain the above copyright notice,
 104:Drivers/STM32F0xx_HAL_Driver/Src/stm32f0xx_hal_gpio.c ****   *      this list of conditions and the following disclaimer.
 105:Drivers/STM32F0xx_HAL_Driver/Src/stm32f0xx_hal_gpio.c ****   *   2. Redistributions in binary form must reproduce the above copyright notice,
 106:Drivers/STM32F0xx_HAL_Driver/Src/stm32f0xx_hal_gpio.c ****   *      this list of conditions and the following disclaimer in the documentation
 107:Drivers/STM32F0xx_HAL_Driver/Src/stm32f0xx_hal_gpio.c ****   *      and/or other materials provided with the distribution.
 108:Drivers/STM32F0xx_HAL_Driver/Src/stm32f0xx_hal_gpio.c ****   *   3. Neither the name of STMicroelectronics nor the names of its contributors
 109:Drivers/STM32F0xx_HAL_Driver/Src/stm32f0xx_hal_gpio.c ****   *      may be used to endorse or promote products derived from this software
 110:Drivers/STM32F0xx_HAL_Driver/Src/stm32f0xx_hal_gpio.c ****   *      without specific prior written permission.
 111:Drivers/STM32F0xx_HAL_Driver/Src/stm32f0xx_hal_gpio.c ****   *
 112:Drivers/STM32F0xx_HAL_Driver/Src/stm32f0xx_hal_gpio.c ****   * THIS SOFTWARE IS PROVIDED BY THE COPYRIGHT HOLDERS AND CONTRIBUTORS "AS IS"
 113:Drivers/STM32F0xx_HAL_Driver/Src/stm32f0xx_hal_gpio.c ****   * AND ANY EXPRESS OR IMPLIED WARRANTIES, INCLUDING, BUT NOT LIMITED TO, THE
 114:Drivers/STM32F0xx_HAL_Driver/Src/stm32f0xx_hal_gpio.c ****   * IMPLIED WARRANTIES OF MERCHANTABILITY AND FITNESS FOR A PARTICULAR PURPOSE ARE
 115:Drivers/STM32F0xx_HAL_Driver/Src/stm32f0xx_hal_gpio.c ****   * DISCLAIMED. IN NO EVENT SHALL THE COPYRIGHT HOLDER OR CONTRIBUTORS BE LIABLE
 116:Drivers/STM32F0xx_HAL_Driver/Src/stm32f0xx_hal_gpio.c ****   * FOR ANY DIRECT, INDIRECT, INCIDENTAL, SPECIAL, EXEMPLARY, OR CONSEQUENTIAL
 117:Drivers/STM32F0xx_HAL_Driver/Src/stm32f0xx_hal_gpio.c ****   * DAMAGES (INCLUDING, BUT NOT LIMITED TO, PROCUREMENT OF SUBSTITUTE GOODS OR
 118:Drivers/STM32F0xx_HAL_Driver/Src/stm32f0xx_hal_gpio.c ****   * SERVICES; LOSS OF USE, DATA, OR PROFITS; OR BUSINESS INTERRUPTION) HOWEVER
 119:Drivers/STM32F0xx_HAL_Driver/Src/stm32f0xx_hal_gpio.c ****   * CAUSED AND ON ANY THEORY OF LIABILITY, WHETHER IN CONTRACT, STRICT LIABILITY,
 120:Drivers/STM32F0xx_HAL_Driver/Src/stm32f0xx_hal_gpio.c ****   * OR TORT (INCLUDING NEGLIGENCE OR OTHERWISE) ARISING IN ANY WAY OUT OF THE USE
 121:Drivers/STM32F0xx_HAL_Driver/Src/stm32f0xx_hal_gpio.c ****   * OF THIS SOFTWARE, EVEN IF ADVISED OF THE POSSIBILITY OF SUCH DAMAGE.
 122:Drivers/STM32F0xx_HAL_Driver/Src/stm32f0xx_hal_gpio.c ****   *
 123:Drivers/STM32F0xx_HAL_Driver/Src/stm32f0xx_hal_gpio.c ****   ******************************************************************************  
 124:Drivers/STM32F0xx_HAL_Driver/Src/stm32f0xx_hal_gpio.c ****   */
 125:Drivers/STM32F0xx_HAL_Driver/Src/stm32f0xx_hal_gpio.c **** 
 126:Drivers/STM32F0xx_HAL_Driver/Src/stm32f0xx_hal_gpio.c **** /* Includes ------------------------------------------------------------------*/
 127:Drivers/STM32F0xx_HAL_Driver/Src/stm32f0xx_hal_gpio.c **** #include "stm32f0xx_hal.h"
 128:Drivers/STM32F0xx_HAL_Driver/Src/stm32f0xx_hal_gpio.c **** 
 129:Drivers/STM32F0xx_HAL_Driver/Src/stm32f0xx_hal_gpio.c **** /** @addtogroup STM32F0xx_HAL_Driver
 130:Drivers/STM32F0xx_HAL_Driver/Src/stm32f0xx_hal_gpio.c ****   * @{
 131:Drivers/STM32F0xx_HAL_Driver/Src/stm32f0xx_hal_gpio.c ****   */
 132:Drivers/STM32F0xx_HAL_Driver/Src/stm32f0xx_hal_gpio.c **** 
 133:Drivers/STM32F0xx_HAL_Driver/Src/stm32f0xx_hal_gpio.c **** /** @defgroup GPIO GPIO
 134:Drivers/STM32F0xx_HAL_Driver/Src/stm32f0xx_hal_gpio.c ****   * @brief GPIO HAL module driver
 135:Drivers/STM32F0xx_HAL_Driver/Src/stm32f0xx_hal_gpio.c ****   * @{
 136:Drivers/STM32F0xx_HAL_Driver/Src/stm32f0xx_hal_gpio.c ****   */
 137:Drivers/STM32F0xx_HAL_Driver/Src/stm32f0xx_hal_gpio.c **** 
 138:Drivers/STM32F0xx_HAL_Driver/Src/stm32f0xx_hal_gpio.c **** #ifdef HAL_GPIO_MODULE_ENABLED
 139:Drivers/STM32F0xx_HAL_Driver/Src/stm32f0xx_hal_gpio.c **** 
 140:Drivers/STM32F0xx_HAL_Driver/Src/stm32f0xx_hal_gpio.c **** /* Private typedef -----------------------------------------------------------*/
 141:Drivers/STM32F0xx_HAL_Driver/Src/stm32f0xx_hal_gpio.c **** /* Private defines -----------------------------------------------------------*/
 142:Drivers/STM32F0xx_HAL_Driver/Src/stm32f0xx_hal_gpio.c **** /** @defgroup GPIO_Private_Defines GPIO Private Defines
 143:Drivers/STM32F0xx_HAL_Driver/Src/stm32f0xx_hal_gpio.c ****   * @{
 144:Drivers/STM32F0xx_HAL_Driver/Src/stm32f0xx_hal_gpio.c ****   */
 145:Drivers/STM32F0xx_HAL_Driver/Src/stm32f0xx_hal_gpio.c **** #define GPIO_MODE             (0x00000003U)
 146:Drivers/STM32F0xx_HAL_Driver/Src/stm32f0xx_hal_gpio.c **** #define EXTI_MODE             (0x10000000U)
 147:Drivers/STM32F0xx_HAL_Driver/Src/stm32f0xx_hal_gpio.c **** #define GPIO_MODE_IT          (0x00010000U)
ARM GAS  /tmp/ccuQa3d1.s 			page 4


 148:Drivers/STM32F0xx_HAL_Driver/Src/stm32f0xx_hal_gpio.c **** #define GPIO_MODE_EVT         (0x00020000U)
 149:Drivers/STM32F0xx_HAL_Driver/Src/stm32f0xx_hal_gpio.c **** #define RISING_EDGE           (0x00100000U)
 150:Drivers/STM32F0xx_HAL_Driver/Src/stm32f0xx_hal_gpio.c **** #define FALLING_EDGE          (0x00200000U)
 151:Drivers/STM32F0xx_HAL_Driver/Src/stm32f0xx_hal_gpio.c **** #define GPIO_OUTPUT_TYPE      (0x00000010U)
 152:Drivers/STM32F0xx_HAL_Driver/Src/stm32f0xx_hal_gpio.c **** 
 153:Drivers/STM32F0xx_HAL_Driver/Src/stm32f0xx_hal_gpio.c **** #define GPIO_NUMBER           (16U)
 154:Drivers/STM32F0xx_HAL_Driver/Src/stm32f0xx_hal_gpio.c **** /**
 155:Drivers/STM32F0xx_HAL_Driver/Src/stm32f0xx_hal_gpio.c ****   * @}
 156:Drivers/STM32F0xx_HAL_Driver/Src/stm32f0xx_hal_gpio.c ****   */
 157:Drivers/STM32F0xx_HAL_Driver/Src/stm32f0xx_hal_gpio.c **** 
 158:Drivers/STM32F0xx_HAL_Driver/Src/stm32f0xx_hal_gpio.c **** /* Private macros ------------------------------------------------------------*/
 159:Drivers/STM32F0xx_HAL_Driver/Src/stm32f0xx_hal_gpio.c **** /* Private variables ---------------------------------------------------------*/
 160:Drivers/STM32F0xx_HAL_Driver/Src/stm32f0xx_hal_gpio.c **** /* Private function prototypes -----------------------------------------------*/
 161:Drivers/STM32F0xx_HAL_Driver/Src/stm32f0xx_hal_gpio.c **** /* Exported functions --------------------------------------------------------*/
 162:Drivers/STM32F0xx_HAL_Driver/Src/stm32f0xx_hal_gpio.c **** 
 163:Drivers/STM32F0xx_HAL_Driver/Src/stm32f0xx_hal_gpio.c **** /** @defgroup GPIO_Exported_Functions GPIO Exported Functions
 164:Drivers/STM32F0xx_HAL_Driver/Src/stm32f0xx_hal_gpio.c ****   * @{
 165:Drivers/STM32F0xx_HAL_Driver/Src/stm32f0xx_hal_gpio.c ****   */
 166:Drivers/STM32F0xx_HAL_Driver/Src/stm32f0xx_hal_gpio.c **** 
 167:Drivers/STM32F0xx_HAL_Driver/Src/stm32f0xx_hal_gpio.c **** /** @defgroup GPIO_Exported_Functions_Group1 Initialization/de-initialization functions 
 168:Drivers/STM32F0xx_HAL_Driver/Src/stm32f0xx_hal_gpio.c ****  *  @brief    Initialization and Configuration functions 
 169:Drivers/STM32F0xx_HAL_Driver/Src/stm32f0xx_hal_gpio.c ****  *
 170:Drivers/STM32F0xx_HAL_Driver/Src/stm32f0xx_hal_gpio.c **** @verbatim    
 171:Drivers/STM32F0xx_HAL_Driver/Src/stm32f0xx_hal_gpio.c ****  ===============================================================================
 172:Drivers/STM32F0xx_HAL_Driver/Src/stm32f0xx_hal_gpio.c ****               ##### Initialization and de-initialization functions #####
 173:Drivers/STM32F0xx_HAL_Driver/Src/stm32f0xx_hal_gpio.c ****  ===============================================================================
 174:Drivers/STM32F0xx_HAL_Driver/Src/stm32f0xx_hal_gpio.c ****  
 175:Drivers/STM32F0xx_HAL_Driver/Src/stm32f0xx_hal_gpio.c **** @endverbatim
 176:Drivers/STM32F0xx_HAL_Driver/Src/stm32f0xx_hal_gpio.c ****   * @{
 177:Drivers/STM32F0xx_HAL_Driver/Src/stm32f0xx_hal_gpio.c ****   */
 178:Drivers/STM32F0xx_HAL_Driver/Src/stm32f0xx_hal_gpio.c **** 
 179:Drivers/STM32F0xx_HAL_Driver/Src/stm32f0xx_hal_gpio.c **** /**
 180:Drivers/STM32F0xx_HAL_Driver/Src/stm32f0xx_hal_gpio.c ****   * @brief  Initialize the GPIOx peripheral according to the specified parameters in the GPIO_Init.
 181:Drivers/STM32F0xx_HAL_Driver/Src/stm32f0xx_hal_gpio.c ****   * @param  GPIOx where x can be (A..F) to select the GPIO peripheral for STM32F0 family
 182:Drivers/STM32F0xx_HAL_Driver/Src/stm32f0xx_hal_gpio.c ****   * @param  GPIO_Init pointer to a GPIO_InitTypeDef structure that contains
 183:Drivers/STM32F0xx_HAL_Driver/Src/stm32f0xx_hal_gpio.c ****   *         the configuration information for the specified GPIO peripheral.
 184:Drivers/STM32F0xx_HAL_Driver/Src/stm32f0xx_hal_gpio.c ****   * @retval None
 185:Drivers/STM32F0xx_HAL_Driver/Src/stm32f0xx_hal_gpio.c ****   */
 186:Drivers/STM32F0xx_HAL_Driver/Src/stm32f0xx_hal_gpio.c **** void HAL_GPIO_Init(GPIO_TypeDef  *GPIOx, GPIO_InitTypeDef *GPIO_Init)
 187:Drivers/STM32F0xx_HAL_Driver/Src/stm32f0xx_hal_gpio.c **** { 
  26              		.loc 1 187 0
  27              		.cfi_startproc
  28              		@ args = 0, pretend = 0, frame = 8
  29              		@ frame_needed = 0, uses_anonymous_args = 0
  30              	.LVL0:
  31 0000 F0B5     		push	{r4, r5, r6, r7, lr}
  32              	.LCFI0:
  33              		.cfi_def_cfa_offset 20
  34              		.cfi_offset 4, -20
  35              		.cfi_offset 5, -16
  36              		.cfi_offset 6, -12
  37              		.cfi_offset 7, -8
  38              		.cfi_offset 14, -4
  39 0002 C646     		mov	lr, r8
  40 0004 00B5     		push	{lr}
  41              	.LCFI1:
  42              		.cfi_def_cfa_offset 24
ARM GAS  /tmp/ccuQa3d1.s 			page 5


  43              		.cfi_offset 8, -24
  44 0006 82B0     		sub	sp, sp, #8
  45              	.LCFI2:
  46              		.cfi_def_cfa_offset 32
  47              	.LVL1:
 188:Drivers/STM32F0xx_HAL_Driver/Src/stm32f0xx_hal_gpio.c ****   uint32_t position = 0x00U;
  48              		.loc 1 188 0
  49 0008 0023     		movs	r3, #0
 189:Drivers/STM32F0xx_HAL_Driver/Src/stm32f0xx_hal_gpio.c ****   uint32_t iocurrent = 0x00U;
 190:Drivers/STM32F0xx_HAL_Driver/Src/stm32f0xx_hal_gpio.c ****   uint32_t temp = 0x00U;
 191:Drivers/STM32F0xx_HAL_Driver/Src/stm32f0xx_hal_gpio.c **** 
 192:Drivers/STM32F0xx_HAL_Driver/Src/stm32f0xx_hal_gpio.c ****   /* Check the parameters */
 193:Drivers/STM32F0xx_HAL_Driver/Src/stm32f0xx_hal_gpio.c ****   assert_param(IS_GPIO_ALL_INSTANCE(GPIOx));
 194:Drivers/STM32F0xx_HAL_Driver/Src/stm32f0xx_hal_gpio.c ****   assert_param(IS_GPIO_PIN(GPIO_Init->Pin));
 195:Drivers/STM32F0xx_HAL_Driver/Src/stm32f0xx_hal_gpio.c ****   assert_param(IS_GPIO_MODE(GPIO_Init->Mode));
 196:Drivers/STM32F0xx_HAL_Driver/Src/stm32f0xx_hal_gpio.c ****   assert_param(IS_GPIO_PULL(GPIO_Init->Pull)); 
 197:Drivers/STM32F0xx_HAL_Driver/Src/stm32f0xx_hal_gpio.c **** 
 198:Drivers/STM32F0xx_HAL_Driver/Src/stm32f0xx_hal_gpio.c ****   /* Configure the port pins */
 199:Drivers/STM32F0xx_HAL_Driver/Src/stm32f0xx_hal_gpio.c ****   while (((GPIO_Init->Pin) >> position) != RESET)
  50              		.loc 1 199 0
  51 000a 38E0     		b	.L2
  52              	.LVL2:
  53              	.L19:
 200:Drivers/STM32F0xx_HAL_Driver/Src/stm32f0xx_hal_gpio.c ****   {
 201:Drivers/STM32F0xx_HAL_Driver/Src/stm32f0xx_hal_gpio.c ****     /* Get current io position */
 202:Drivers/STM32F0xx_HAL_Driver/Src/stm32f0xx_hal_gpio.c ****     iocurrent = (GPIO_Init->Pin) & (1U << position);
 203:Drivers/STM32F0xx_HAL_Driver/Src/stm32f0xx_hal_gpio.c ****     
 204:Drivers/STM32F0xx_HAL_Driver/Src/stm32f0xx_hal_gpio.c ****     if(iocurrent)
 205:Drivers/STM32F0xx_HAL_Driver/Src/stm32f0xx_hal_gpio.c ****     {
 206:Drivers/STM32F0xx_HAL_Driver/Src/stm32f0xx_hal_gpio.c ****       /*--------------------- GPIO Mode Configuration ------------------------*/
 207:Drivers/STM32F0xx_HAL_Driver/Src/stm32f0xx_hal_gpio.c ****       /* In case of Alternate function mode selection */
 208:Drivers/STM32F0xx_HAL_Driver/Src/stm32f0xx_hal_gpio.c ****       if((GPIO_Init->Mode == GPIO_MODE_AF_PP) || (GPIO_Init->Mode == GPIO_MODE_AF_OD)) 
 209:Drivers/STM32F0xx_HAL_Driver/Src/stm32f0xx_hal_gpio.c ****       {
 210:Drivers/STM32F0xx_HAL_Driver/Src/stm32f0xx_hal_gpio.c ****         /* Check the Alternate function parameters */
 211:Drivers/STM32F0xx_HAL_Driver/Src/stm32f0xx_hal_gpio.c ****         assert_param(IS_GPIO_AF_INSTANCE(GPIOx));
 212:Drivers/STM32F0xx_HAL_Driver/Src/stm32f0xx_hal_gpio.c ****         assert_param(IS_GPIO_AF(GPIO_Init->Alternate));
 213:Drivers/STM32F0xx_HAL_Driver/Src/stm32f0xx_hal_gpio.c ****         
 214:Drivers/STM32F0xx_HAL_Driver/Src/stm32f0xx_hal_gpio.c ****         /* Configure Alternate function mapped with the current IO */ 
 215:Drivers/STM32F0xx_HAL_Driver/Src/stm32f0xx_hal_gpio.c ****         temp = GPIOx->AFR[position >> 3];
 216:Drivers/STM32F0xx_HAL_Driver/Src/stm32f0xx_hal_gpio.c ****         CLEAR_BIT(temp, 0xFU << ((uint32_t)(position & 0x07U) * 4U)) ;      
 217:Drivers/STM32F0xx_HAL_Driver/Src/stm32f0xx_hal_gpio.c ****         SET_BIT(temp, (uint32_t)(GPIO_Init->Alternate) << (((uint32_t)position & 0x07U) * 4U));    
 218:Drivers/STM32F0xx_HAL_Driver/Src/stm32f0xx_hal_gpio.c ****         GPIOx->AFR[position >> 3U] = temp;
 219:Drivers/STM32F0xx_HAL_Driver/Src/stm32f0xx_hal_gpio.c ****       }
 220:Drivers/STM32F0xx_HAL_Driver/Src/stm32f0xx_hal_gpio.c **** 
 221:Drivers/STM32F0xx_HAL_Driver/Src/stm32f0xx_hal_gpio.c ****       /* Configure IO Direction mode (Input, Output, Alternate or Analog) */
 222:Drivers/STM32F0xx_HAL_Driver/Src/stm32f0xx_hal_gpio.c ****       temp = GPIOx->MODER;
 223:Drivers/STM32F0xx_HAL_Driver/Src/stm32f0xx_hal_gpio.c ****       CLEAR_BIT(temp, GPIO_MODER_MODER0 << (position * 2U));   
 224:Drivers/STM32F0xx_HAL_Driver/Src/stm32f0xx_hal_gpio.c ****       SET_BIT(temp, (GPIO_Init->Mode & GPIO_MODE) << (position * 2U));
 225:Drivers/STM32F0xx_HAL_Driver/Src/stm32f0xx_hal_gpio.c ****       GPIOx->MODER = temp;
 226:Drivers/STM32F0xx_HAL_Driver/Src/stm32f0xx_hal_gpio.c **** 
 227:Drivers/STM32F0xx_HAL_Driver/Src/stm32f0xx_hal_gpio.c ****       /* In case of Output or Alternate function mode selection */
 228:Drivers/STM32F0xx_HAL_Driver/Src/stm32f0xx_hal_gpio.c ****       if ((GPIO_Init->Mode == GPIO_MODE_OUTPUT_PP) || (GPIO_Init->Mode == GPIO_MODE_AF_PP) ||
 229:Drivers/STM32F0xx_HAL_Driver/Src/stm32f0xx_hal_gpio.c ****           (GPIO_Init->Mode == GPIO_MODE_OUTPUT_OD) || (GPIO_Init->Mode == GPIO_MODE_AF_OD))
 230:Drivers/STM32F0xx_HAL_Driver/Src/stm32f0xx_hal_gpio.c ****       {
 231:Drivers/STM32F0xx_HAL_Driver/Src/stm32f0xx_hal_gpio.c ****         /* Check the Speed parameter */
 232:Drivers/STM32F0xx_HAL_Driver/Src/stm32f0xx_hal_gpio.c ****         assert_param(IS_GPIO_SPEED(GPIO_Init->Speed));
 233:Drivers/STM32F0xx_HAL_Driver/Src/stm32f0xx_hal_gpio.c ****         /* Configure the IO Speed */
ARM GAS  /tmp/ccuQa3d1.s 			page 6


 234:Drivers/STM32F0xx_HAL_Driver/Src/stm32f0xx_hal_gpio.c ****         temp = GPIOx->OSPEEDR; 
 235:Drivers/STM32F0xx_HAL_Driver/Src/stm32f0xx_hal_gpio.c ****         CLEAR_BIT(temp, GPIO_OSPEEDER_OSPEEDR0 << (position * 2U));
 236:Drivers/STM32F0xx_HAL_Driver/Src/stm32f0xx_hal_gpio.c ****         SET_BIT(temp, GPIO_Init->Speed << (position * 2U));
 237:Drivers/STM32F0xx_HAL_Driver/Src/stm32f0xx_hal_gpio.c ****         GPIOx->OSPEEDR = temp;
 238:Drivers/STM32F0xx_HAL_Driver/Src/stm32f0xx_hal_gpio.c **** 
 239:Drivers/STM32F0xx_HAL_Driver/Src/stm32f0xx_hal_gpio.c ****         /* Configure the IO Output Type */
 240:Drivers/STM32F0xx_HAL_Driver/Src/stm32f0xx_hal_gpio.c ****         temp = GPIOx->OTYPER;
 241:Drivers/STM32F0xx_HAL_Driver/Src/stm32f0xx_hal_gpio.c ****         CLEAR_BIT(temp, GPIO_OTYPER_OT_0 << position) ;
 242:Drivers/STM32F0xx_HAL_Driver/Src/stm32f0xx_hal_gpio.c ****         SET_BIT(temp, ((GPIO_Init->Mode & GPIO_OUTPUT_TYPE) >> 4U) << position);
 243:Drivers/STM32F0xx_HAL_Driver/Src/stm32f0xx_hal_gpio.c ****         GPIOx->OTYPER = temp;
 244:Drivers/STM32F0xx_HAL_Driver/Src/stm32f0xx_hal_gpio.c ****       }
 245:Drivers/STM32F0xx_HAL_Driver/Src/stm32f0xx_hal_gpio.c **** 
 246:Drivers/STM32F0xx_HAL_Driver/Src/stm32f0xx_hal_gpio.c ****       /* Activate the Pull-up or Pull down resistor for the current IO */
 247:Drivers/STM32F0xx_HAL_Driver/Src/stm32f0xx_hal_gpio.c ****       temp = GPIOx->PUPDR;
 248:Drivers/STM32F0xx_HAL_Driver/Src/stm32f0xx_hal_gpio.c ****       CLEAR_BIT(temp, GPIO_PUPDR_PUPDR0 << (position * 2U));
 249:Drivers/STM32F0xx_HAL_Driver/Src/stm32f0xx_hal_gpio.c ****       SET_BIT(temp, (GPIO_Init->Pull) << (position * 2U));
 250:Drivers/STM32F0xx_HAL_Driver/Src/stm32f0xx_hal_gpio.c ****       GPIOx->PUPDR = temp;
 251:Drivers/STM32F0xx_HAL_Driver/Src/stm32f0xx_hal_gpio.c **** 
 252:Drivers/STM32F0xx_HAL_Driver/Src/stm32f0xx_hal_gpio.c ****       /*--------------------- EXTI Mode Configuration ------------------------*/
 253:Drivers/STM32F0xx_HAL_Driver/Src/stm32f0xx_hal_gpio.c ****       /* Configure the External Interrupt or event for the current IO */
 254:Drivers/STM32F0xx_HAL_Driver/Src/stm32f0xx_hal_gpio.c ****       if((GPIO_Init->Mode & EXTI_MODE) == EXTI_MODE) 
 255:Drivers/STM32F0xx_HAL_Driver/Src/stm32f0xx_hal_gpio.c ****       {
 256:Drivers/STM32F0xx_HAL_Driver/Src/stm32f0xx_hal_gpio.c ****         /* Enable SYSCFG Clock */
 257:Drivers/STM32F0xx_HAL_Driver/Src/stm32f0xx_hal_gpio.c ****         __HAL_RCC_SYSCFG_CLK_ENABLE();
 258:Drivers/STM32F0xx_HAL_Driver/Src/stm32f0xx_hal_gpio.c ****   
 259:Drivers/STM32F0xx_HAL_Driver/Src/stm32f0xx_hal_gpio.c ****         temp = SYSCFG->EXTICR[position >> 2];
 260:Drivers/STM32F0xx_HAL_Driver/Src/stm32f0xx_hal_gpio.c ****         CLEAR_BIT(temp, (0x0FU) << (4U * (position & 0x03U)));
 261:Drivers/STM32F0xx_HAL_Driver/Src/stm32f0xx_hal_gpio.c ****         SET_BIT(temp, (GPIO_GET_INDEX(GPIOx)) << (4U * (position & 0x03U)));
  54              		.loc 1 261 0
  55 000c 0326     		movs	r6, #3
  56 000e 00E0     		b	.L8
  57              	.L14:
  58 0010 0026     		movs	r6, #0
  59              	.L8:
  60              		.loc 1 261 0 is_stmt 0 discriminator 16
  61 0012 AE40     		lsls	r6, r6, r5
  62 0014 3500     		movs	r5, r6
  63 0016 3D43     		orrs	r5, r7
  64              	.LVL3:
 262:Drivers/STM32F0xx_HAL_Driver/Src/stm32f0xx_hal_gpio.c ****         SYSCFG->EXTICR[position >> 2] = temp;
  65              		.loc 1 262 0 is_stmt 1 discriminator 16
  66 0018 0234     		adds	r4, r4, #2
  67 001a A400     		lsls	r4, r4, #2
  68 001c 554E     		ldr	r6, .L20
  69 001e A551     		str	r5, [r4, r6]
 263:Drivers/STM32F0xx_HAL_Driver/Src/stm32f0xx_hal_gpio.c ****                   
 264:Drivers/STM32F0xx_HAL_Driver/Src/stm32f0xx_hal_gpio.c ****         /* Clear EXTI line configuration */
 265:Drivers/STM32F0xx_HAL_Driver/Src/stm32f0xx_hal_gpio.c ****         temp = EXTI->IMR;
  70              		.loc 1 265 0 discriminator 16
  71 0020 554C     		ldr	r4, .L20+4
  72 0022 2568     		ldr	r5, [r4]
  73              	.LVL4:
 266:Drivers/STM32F0xx_HAL_Driver/Src/stm32f0xx_hal_gpio.c ****         CLEAR_BIT(temp, (uint32_t)iocurrent);
  74              		.loc 1 266 0 discriminator 16
  75 0024 4246     		mov	r2, r8
  76 0026 D443     		mvns	r4, r2
  77 0028 2E00     		movs	r6, r5
ARM GAS  /tmp/ccuQa3d1.s 			page 7


  78 002a 2640     		ands	r6, r4
  79              	.LVL5:
 267:Drivers/STM32F0xx_HAL_Driver/Src/stm32f0xx_hal_gpio.c ****         if((GPIO_Init->Mode & GPIO_MODE_IT) == GPIO_MODE_IT)
  80              		.loc 1 267 0 discriminator 16
  81 002c 4A68     		ldr	r2, [r1, #4]
  82 002e D203     		lsls	r2, r2, #15
  83 0030 02D5     		bpl	.L9
 268:Drivers/STM32F0xx_HAL_Driver/Src/stm32f0xx_hal_gpio.c ****         {
 269:Drivers/STM32F0xx_HAL_Driver/Src/stm32f0xx_hal_gpio.c ****           SET_BIT(temp, iocurrent); 
  84              		.loc 1 269 0
  85 0032 4246     		mov	r2, r8
  86 0034 1543     		orrs	r5, r2
  87 0036 2E00     		movs	r6, r5
  88              	.LVL6:
  89              	.L9:
 270:Drivers/STM32F0xx_HAL_Driver/Src/stm32f0xx_hal_gpio.c ****         }
 271:Drivers/STM32F0xx_HAL_Driver/Src/stm32f0xx_hal_gpio.c ****         EXTI->IMR = temp;
  90              		.loc 1 271 0
  91 0038 4F4D     		ldr	r5, .L20+4
  92 003a 2E60     		str	r6, [r5]
 272:Drivers/STM32F0xx_HAL_Driver/Src/stm32f0xx_hal_gpio.c **** 
 273:Drivers/STM32F0xx_HAL_Driver/Src/stm32f0xx_hal_gpio.c ****         temp = EXTI->EMR;
  93              		.loc 1 273 0
  94 003c 6D68     		ldr	r5, [r5, #4]
  95              	.LVL7:
 274:Drivers/STM32F0xx_HAL_Driver/Src/stm32f0xx_hal_gpio.c ****         CLEAR_BIT(temp, (uint32_t)iocurrent);      
  96              		.loc 1 274 0
  97 003e 2E00     		movs	r6, r5
  98 0040 2640     		ands	r6, r4
  99              	.LVL8:
 275:Drivers/STM32F0xx_HAL_Driver/Src/stm32f0xx_hal_gpio.c ****         if((GPIO_Init->Mode & GPIO_MODE_EVT) == GPIO_MODE_EVT)
 100              		.loc 1 275 0
 101 0042 4A68     		ldr	r2, [r1, #4]
 102 0044 9203     		lsls	r2, r2, #14
 103 0046 02D5     		bpl	.L10
 276:Drivers/STM32F0xx_HAL_Driver/Src/stm32f0xx_hal_gpio.c ****         { 
 277:Drivers/STM32F0xx_HAL_Driver/Src/stm32f0xx_hal_gpio.c ****           SET_BIT(temp, iocurrent); 
 104              		.loc 1 277 0
 105 0048 4246     		mov	r2, r8
 106 004a 1543     		orrs	r5, r2
 107 004c 2E00     		movs	r6, r5
 108              	.LVL9:
 109              	.L10:
 278:Drivers/STM32F0xx_HAL_Driver/Src/stm32f0xx_hal_gpio.c ****         }
 279:Drivers/STM32F0xx_HAL_Driver/Src/stm32f0xx_hal_gpio.c ****         EXTI->EMR = temp;
 110              		.loc 1 279 0
 111 004e 4A4D     		ldr	r5, .L20+4
 112 0050 6E60     		str	r6, [r5, #4]
 280:Drivers/STM32F0xx_HAL_Driver/Src/stm32f0xx_hal_gpio.c ****   
 281:Drivers/STM32F0xx_HAL_Driver/Src/stm32f0xx_hal_gpio.c ****         /* Clear Rising Falling edge configuration */
 282:Drivers/STM32F0xx_HAL_Driver/Src/stm32f0xx_hal_gpio.c ****         temp = EXTI->RTSR;
 113              		.loc 1 282 0
 114 0052 AD68     		ldr	r5, [r5, #8]
 115              	.LVL10:
 283:Drivers/STM32F0xx_HAL_Driver/Src/stm32f0xx_hal_gpio.c ****         CLEAR_BIT(temp, (uint32_t)iocurrent); 
 116              		.loc 1 283 0
 117 0054 2E00     		movs	r6, r5
ARM GAS  /tmp/ccuQa3d1.s 			page 8


 118 0056 2640     		ands	r6, r4
 119              	.LVL11:
 284:Drivers/STM32F0xx_HAL_Driver/Src/stm32f0xx_hal_gpio.c ****         if((GPIO_Init->Mode & RISING_EDGE) == RISING_EDGE)
 120              		.loc 1 284 0
 121 0058 4A68     		ldr	r2, [r1, #4]
 122 005a D202     		lsls	r2, r2, #11
 123 005c 02D5     		bpl	.L11
 285:Drivers/STM32F0xx_HAL_Driver/Src/stm32f0xx_hal_gpio.c ****         {
 286:Drivers/STM32F0xx_HAL_Driver/Src/stm32f0xx_hal_gpio.c ****           SET_BIT(temp, iocurrent); 
 124              		.loc 1 286 0
 125 005e 4246     		mov	r2, r8
 126 0060 1543     		orrs	r5, r2
 127 0062 2E00     		movs	r6, r5
 128              	.LVL12:
 129              	.L11:
 287:Drivers/STM32F0xx_HAL_Driver/Src/stm32f0xx_hal_gpio.c ****         }
 288:Drivers/STM32F0xx_HAL_Driver/Src/stm32f0xx_hal_gpio.c ****         EXTI->RTSR = temp;
 130              		.loc 1 288 0
 131 0064 444D     		ldr	r5, .L20+4
 132 0066 AE60     		str	r6, [r5, #8]
 289:Drivers/STM32F0xx_HAL_Driver/Src/stm32f0xx_hal_gpio.c **** 
 290:Drivers/STM32F0xx_HAL_Driver/Src/stm32f0xx_hal_gpio.c ****         temp = EXTI->FTSR;
 133              		.loc 1 290 0
 134 0068 ED68     		ldr	r5, [r5, #12]
 135              	.LVL13:
 291:Drivers/STM32F0xx_HAL_Driver/Src/stm32f0xx_hal_gpio.c ****         CLEAR_BIT(temp, (uint32_t)iocurrent); 
 136              		.loc 1 291 0
 137 006a 2C40     		ands	r4, r5
 138              	.LVL14:
 292:Drivers/STM32F0xx_HAL_Driver/Src/stm32f0xx_hal_gpio.c ****         if((GPIO_Init->Mode & FALLING_EDGE) == FALLING_EDGE)
 139              		.loc 1 292 0
 140 006c 4A68     		ldr	r2, [r1, #4]
 141 006e 9202     		lsls	r2, r2, #10
 142 0070 02D5     		bpl	.L12
 293:Drivers/STM32F0xx_HAL_Driver/Src/stm32f0xx_hal_gpio.c ****         {
 294:Drivers/STM32F0xx_HAL_Driver/Src/stm32f0xx_hal_gpio.c ****           SET_BIT(temp, iocurrent); 
 143              		.loc 1 294 0
 144 0072 4246     		mov	r2, r8
 145 0074 2A43     		orrs	r2, r5
 146 0076 1400     		movs	r4, r2
 147              	.LVL15:
 148              	.L12:
 295:Drivers/STM32F0xx_HAL_Driver/Src/stm32f0xx_hal_gpio.c ****         }
 296:Drivers/STM32F0xx_HAL_Driver/Src/stm32f0xx_hal_gpio.c ****         EXTI->FTSR = temp;
 149              		.loc 1 296 0
 150 0078 3F4A     		ldr	r2, .L20+4
 151 007a D460     		str	r4, [r2, #12]
 152              	.LVL16:
 153              	.L3:
 297:Drivers/STM32F0xx_HAL_Driver/Src/stm32f0xx_hal_gpio.c ****       }
 298:Drivers/STM32F0xx_HAL_Driver/Src/stm32f0xx_hal_gpio.c ****     }
 299:Drivers/STM32F0xx_HAL_Driver/Src/stm32f0xx_hal_gpio.c ****     
 300:Drivers/STM32F0xx_HAL_Driver/Src/stm32f0xx_hal_gpio.c ****     position++;
 154              		.loc 1 300 0
 155 007c 0133     		adds	r3, r3, #1
 156              	.LVL17:
 157              	.L2:
ARM GAS  /tmp/ccuQa3d1.s 			page 9


 199:Drivers/STM32F0xx_HAL_Driver/Src/stm32f0xx_hal_gpio.c ****   {
 158              		.loc 1 199 0
 159 007e 0A68     		ldr	r2, [r1]
 160 0080 1400     		movs	r4, r2
 161 0082 DC40     		lsrs	r4, r4, r3
 162 0084 71D0     		beq	.L18
 202:Drivers/STM32F0xx_HAL_Driver/Src/stm32f0xx_hal_gpio.c ****     
 163              		.loc 1 202 0
 164 0086 0125     		movs	r5, #1
 165 0088 9D40     		lsls	r5, r5, r3
 166 008a 2A40     		ands	r2, r5
 167 008c 9046     		mov	r8, r2
 168              	.LVL18:
 204:Drivers/STM32F0xx_HAL_Driver/Src/stm32f0xx_hal_gpio.c ****     {
 169              		.loc 1 204 0
 170 008e F5D0     		beq	.L3
 208:Drivers/STM32F0xx_HAL_Driver/Src/stm32f0xx_hal_gpio.c ****       {
 171              		.loc 1 208 0
 172 0090 4C68     		ldr	r4, [r1, #4]
 173 0092 022C     		cmp	r4, #2
 174 0094 01D0     		beq	.L4
 208:Drivers/STM32F0xx_HAL_Driver/Src/stm32f0xx_hal_gpio.c ****       {
 175              		.loc 1 208 0 is_stmt 0 discriminator 1
 176 0096 122C     		cmp	r4, #18
 177 0098 0ED1     		bne	.L5
 178              	.L4:
 215:Drivers/STM32F0xx_HAL_Driver/Src/stm32f0xx_hal_gpio.c ****         CLEAR_BIT(temp, 0xFU << ((uint32_t)(position & 0x07U) * 4U)) ;      
 179              		.loc 1 215 0 is_stmt 1
 180 009a DC08     		lsrs	r4, r3, #3
 181 009c 0834     		adds	r4, r4, #8
 182 009e A400     		lsls	r4, r4, #2
 183 00a0 2758     		ldr	r7, [r4, r0]
 184              	.LVL19:
 216:Drivers/STM32F0xx_HAL_Driver/Src/stm32f0xx_hal_gpio.c ****         SET_BIT(temp, (uint32_t)(GPIO_Init->Alternate) << (((uint32_t)position & 0x07U) * 4U));    
 185              		.loc 1 216 0
 186 00a2 0726     		movs	r6, #7
 187 00a4 1E40     		ands	r6, r3
 188 00a6 B600     		lsls	r6, r6, #2
 189 00a8 0F22     		movs	r2, #15
 190              	.LVL20:
 191 00aa B240     		lsls	r2, r2, r6
 192 00ac 9743     		bics	r7, r2
 193              	.LVL21:
 217:Drivers/STM32F0xx_HAL_Driver/Src/stm32f0xx_hal_gpio.c ****         GPIOx->AFR[position >> 3U] = temp;
 194              		.loc 1 217 0
 195 00ae 0A69     		ldr	r2, [r1, #16]
 196 00b0 B240     		lsls	r2, r2, r6
 197 00b2 1600     		movs	r6, r2
 198 00b4 3E43     		orrs	r6, r7
 199              	.LVL22:
 218:Drivers/STM32F0xx_HAL_Driver/Src/stm32f0xx_hal_gpio.c ****       }
 200              		.loc 1 218 0
 201 00b6 2650     		str	r6, [r4, r0]
 202              	.LVL23:
 203              	.L5:
 222:Drivers/STM32F0xx_HAL_Driver/Src/stm32f0xx_hal_gpio.c ****       CLEAR_BIT(temp, GPIO_MODER_MODER0 << (position * 2U));   
 204              		.loc 1 222 0
ARM GAS  /tmp/ccuQa3d1.s 			page 10


 205 00b8 0268     		ldr	r2, [r0]
 206              	.LVL24:
 223:Drivers/STM32F0xx_HAL_Driver/Src/stm32f0xx_hal_gpio.c ****       SET_BIT(temp, (GPIO_Init->Mode & GPIO_MODE) << (position * 2U));
 207              		.loc 1 223 0
 208 00ba 5F00     		lsls	r7, r3, #1
 209 00bc 0324     		movs	r4, #3
 210 00be 2600     		movs	r6, r4
 211 00c0 BE40     		lsls	r6, r6, r7
 212 00c2 F643     		mvns	r6, r6
 213 00c4 3240     		ands	r2, r6
 214              	.LVL25:
 215 00c6 9446     		mov	ip, r2
 216              	.LVL26:
 224:Drivers/STM32F0xx_HAL_Driver/Src/stm32f0xx_hal_gpio.c ****       GPIOx->MODER = temp;
 217              		.loc 1 224 0
 218 00c8 4A68     		ldr	r2, [r1, #4]
 219              	.LVL27:
 220 00ca 1440     		ands	r4, r2
 221 00cc BC40     		lsls	r4, r4, r7
 222 00ce 6246     		mov	r2, ip
 223 00d0 1443     		orrs	r4, r2
 224              	.LVL28:
 225:Drivers/STM32F0xx_HAL_Driver/Src/stm32f0xx_hal_gpio.c **** 
 225              		.loc 1 225 0
 226 00d2 0460     		str	r4, [r0]
 228:Drivers/STM32F0xx_HAL_Driver/Src/stm32f0xx_hal_gpio.c ****           (GPIO_Init->Mode == GPIO_MODE_OUTPUT_OD) || (GPIO_Init->Mode == GPIO_MODE_AF_OD))
 227              		.loc 1 228 0
 228 00d4 4C68     		ldr	r4, [r1, #4]
 229              	.LVL29:
 230 00d6 621E     		subs	r2, r4, #1
 231 00d8 012A     		cmp	r2, #1
 232 00da 03D9     		bls	.L6
 228:Drivers/STM32F0xx_HAL_Driver/Src/stm32f0xx_hal_gpio.c ****           (GPIO_Init->Mode == GPIO_MODE_OUTPUT_OD) || (GPIO_Init->Mode == GPIO_MODE_AF_OD))
 233              		.loc 1 228 0 is_stmt 0 discriminator 1
 234 00dc 112C     		cmp	r4, #17
 235 00de 01D0     		beq	.L6
 229:Drivers/STM32F0xx_HAL_Driver/Src/stm32f0xx_hal_gpio.c ****       {
 236              		.loc 1 229 0 is_stmt 1
 237 00e0 122C     		cmp	r4, #18
 238 00e2 10D1     		bne	.L7
 239              	.L6:
 234:Drivers/STM32F0xx_HAL_Driver/Src/stm32f0xx_hal_gpio.c ****         CLEAR_BIT(temp, GPIO_OSPEEDER_OSPEEDR0 << (position * 2U));
 240              		.loc 1 234 0
 241 00e4 8468     		ldr	r4, [r0, #8]
 242              	.LVL30:
 235:Drivers/STM32F0xx_HAL_Driver/Src/stm32f0xx_hal_gpio.c ****         SET_BIT(temp, GPIO_Init->Speed << (position * 2U));
 243              		.loc 1 235 0
 244 00e6 3440     		ands	r4, r6
 245              	.LVL31:
 246 00e8 A446     		mov	ip, r4
 247              	.LVL32:
 236:Drivers/STM32F0xx_HAL_Driver/Src/stm32f0xx_hal_gpio.c ****         GPIOx->OSPEEDR = temp;
 248              		.loc 1 236 0
 249 00ea CC68     		ldr	r4, [r1, #12]
 250              	.LVL33:
 251 00ec BC40     		lsls	r4, r4, r7
 252 00ee 6246     		mov	r2, ip
ARM GAS  /tmp/ccuQa3d1.s 			page 11


 253 00f0 1443     		orrs	r4, r2
 254              	.LVL34:
 237:Drivers/STM32F0xx_HAL_Driver/Src/stm32f0xx_hal_gpio.c **** 
 255              		.loc 1 237 0
 256 00f2 8460     		str	r4, [r0, #8]
 240:Drivers/STM32F0xx_HAL_Driver/Src/stm32f0xx_hal_gpio.c ****         CLEAR_BIT(temp, GPIO_OTYPER_OT_0 << position) ;
 257              		.loc 1 240 0
 258 00f4 4468     		ldr	r4, [r0, #4]
 259              	.LVL35:
 241:Drivers/STM32F0xx_HAL_Driver/Src/stm32f0xx_hal_gpio.c ****         SET_BIT(temp, ((GPIO_Init->Mode & GPIO_OUTPUT_TYPE) >> 4U) << position);
 260              		.loc 1 241 0
 261 00f6 AC43     		bics	r4, r5
 262              	.LVL36:
 242:Drivers/STM32F0xx_HAL_Driver/Src/stm32f0xx_hal_gpio.c ****         GPIOx->OTYPER = temp;
 263              		.loc 1 242 0
 264 00f8 4A68     		ldr	r2, [r1, #4]
 265 00fa 1209     		lsrs	r2, r2, #4
 266 00fc 0125     		movs	r5, #1
 267 00fe 1540     		ands	r5, r2
 268 0100 9D40     		lsls	r5, r5, r3
 269 0102 2543     		orrs	r5, r4
 270              	.LVL37:
 243:Drivers/STM32F0xx_HAL_Driver/Src/stm32f0xx_hal_gpio.c ****       }
 271              		.loc 1 243 0
 272 0104 4560     		str	r5, [r0, #4]
 273              	.LVL38:
 274              	.L7:
 247:Drivers/STM32F0xx_HAL_Driver/Src/stm32f0xx_hal_gpio.c ****       CLEAR_BIT(temp, GPIO_PUPDR_PUPDR0 << (position * 2U));
 275              		.loc 1 247 0
 276 0106 C468     		ldr	r4, [r0, #12]
 277              	.LVL39:
 248:Drivers/STM32F0xx_HAL_Driver/Src/stm32f0xx_hal_gpio.c ****       SET_BIT(temp, (GPIO_Init->Pull) << (position * 2U));
 278              		.loc 1 248 0
 279 0108 2640     		ands	r6, r4
 280              	.LVL40:
 249:Drivers/STM32F0xx_HAL_Driver/Src/stm32f0xx_hal_gpio.c ****       GPIOx->PUPDR = temp;
 281              		.loc 1 249 0
 282 010a 8C68     		ldr	r4, [r1, #8]
 283 010c BC40     		lsls	r4, r4, r7
 284 010e 3443     		orrs	r4, r6
 285              	.LVL41:
 250:Drivers/STM32F0xx_HAL_Driver/Src/stm32f0xx_hal_gpio.c **** 
 286              		.loc 1 250 0
 287 0110 C460     		str	r4, [r0, #12]
 254:Drivers/STM32F0xx_HAL_Driver/Src/stm32f0xx_hal_gpio.c ****       {
 288              		.loc 1 254 0
 289 0112 4A68     		ldr	r2, [r1, #4]
 290 0114 D200     		lsls	r2, r2, #3
 291 0116 B1D5     		bpl	.L3
 292              	.LBB2:
 257:Drivers/STM32F0xx_HAL_Driver/Src/stm32f0xx_hal_gpio.c ****   
 293              		.loc 1 257 0
 294 0118 184D     		ldr	r5, .L20+8
 295 011a AE69     		ldr	r6, [r5, #24]
 296 011c 0124     		movs	r4, #1
 297              	.LVL42:
 298 011e 2643     		orrs	r6, r4
ARM GAS  /tmp/ccuQa3d1.s 			page 12


 299 0120 AE61     		str	r6, [r5, #24]
 300              	.LVL43:
 301 0122 AD69     		ldr	r5, [r5, #24]
 302 0124 2C40     		ands	r4, r5
 303 0126 0194     		str	r4, [sp, #4]
 304 0128 019C     		ldr	r4, [sp, #4]
 305              	.LBE2:
 259:Drivers/STM32F0xx_HAL_Driver/Src/stm32f0xx_hal_gpio.c ****         CLEAR_BIT(temp, (0x0FU) << (4U * (position & 0x03U)));
 306              		.loc 1 259 0
 307 012a 9C08     		lsrs	r4, r3, #2
 308 012c A51C     		adds	r5, r4, #2
 309 012e AD00     		lsls	r5, r5, #2
 310 0130 104E     		ldr	r6, .L20
 311 0132 AF59     		ldr	r7, [r5, r6]
 312              	.LVL44:
 260:Drivers/STM32F0xx_HAL_Driver/Src/stm32f0xx_hal_gpio.c ****         SET_BIT(temp, (GPIO_GET_INDEX(GPIOx)) << (4U * (position & 0x03U)));
 313              		.loc 1 260 0
 314 0134 0325     		movs	r5, #3
 315 0136 1D40     		ands	r5, r3
 316 0138 AD00     		lsls	r5, r5, #2
 317 013a 0F26     		movs	r6, #15
 318 013c AE40     		lsls	r6, r6, r5
 319 013e B743     		bics	r7, r6
 320              	.LVL45:
 261:Drivers/STM32F0xx_HAL_Driver/Src/stm32f0xx_hal_gpio.c ****         SYSCFG->EXTICR[position >> 2] = temp;
 321              		.loc 1 261 0
 322 0140 9026     		movs	r6, #144
 323 0142 F605     		lsls	r6, r6, #23
 324 0144 B042     		cmp	r0, r6
 325 0146 00D1     		bne	.LCB327
 326 0148 62E7     		b	.L14	@long jump
 327              	.LCB327:
 261:Drivers/STM32F0xx_HAL_Driver/Src/stm32f0xx_hal_gpio.c ****         SYSCFG->EXTICR[position >> 2] = temp;
 328              		.loc 1 261 0 is_stmt 0 discriminator 1
 329 014a 0D4E     		ldr	r6, .L20+12
 330 014c B042     		cmp	r0, r6
 331 014e 08D0     		beq	.L15
 261:Drivers/STM32F0xx_HAL_Driver/Src/stm32f0xx_hal_gpio.c ****         SYSCFG->EXTICR[position >> 2] = temp;
 332              		.loc 1 261 0 discriminator 3
 333 0150 0C4E     		ldr	r6, .L20+16
 334 0152 B042     		cmp	r0, r6
 335 0154 07D0     		beq	.L16
 261:Drivers/STM32F0xx_HAL_Driver/Src/stm32f0xx_hal_gpio.c ****         SYSCFG->EXTICR[position >> 2] = temp;
 336              		.loc 1 261 0 discriminator 5
 337 0156 0C4E     		ldr	r6, .L20+20
 338 0158 B042     		cmp	r0, r6
 339 015a 00D1     		bne	.LCB336
 340 015c 56E7     		b	.L19	@long jump
 341              	.LCB336:
 261:Drivers/STM32F0xx_HAL_Driver/Src/stm32f0xx_hal_gpio.c ****         SYSCFG->EXTICR[position >> 2] = temp;
 342              		.loc 1 261 0
 343 015e 0526     		movs	r6, #5
 344 0160 57E7     		b	.L8
 345              	.L15:
 346 0162 0126     		movs	r6, #1
 347 0164 55E7     		b	.L8
 348              	.L16:
ARM GAS  /tmp/ccuQa3d1.s 			page 13


 349 0166 0226     		movs	r6, #2
 350 0168 53E7     		b	.L8
 351              	.LVL46:
 352              	.L18:
 301:Drivers/STM32F0xx_HAL_Driver/Src/stm32f0xx_hal_gpio.c ****   } 
 302:Drivers/STM32F0xx_HAL_Driver/Src/stm32f0xx_hal_gpio.c **** }
 353              		.loc 1 302 0 is_stmt 1
 354 016a 02B0     		add	sp, sp, #8
 355              		@ sp needed
 356 016c 04BC     		pop	{r2}
 357 016e 9046     		mov	r8, r2
 358 0170 F0BD     		pop	{r4, r5, r6, r7, pc}
 359              	.L21:
 360 0172 C046     		.align	2
 361              	.L20:
 362 0174 00000140 		.word	1073807360
 363 0178 00040140 		.word	1073808384
 364 017c 00100240 		.word	1073876992
 365 0180 00040048 		.word	1207960576
 366 0184 00080048 		.word	1207961600
 367 0188 000C0048 		.word	1207962624
 368              		.cfi_endproc
 369              	.LFE37:
 371              		.section	.text.HAL_GPIO_DeInit,"ax",%progbits
 372              		.align	1
 373              		.global	HAL_GPIO_DeInit
 374              		.syntax unified
 375              		.code	16
 376              		.thumb_func
 377              		.fpu softvfp
 379              	HAL_GPIO_DeInit:
 380              	.LFB38:
 303:Drivers/STM32F0xx_HAL_Driver/Src/stm32f0xx_hal_gpio.c **** 
 304:Drivers/STM32F0xx_HAL_Driver/Src/stm32f0xx_hal_gpio.c **** /**
 305:Drivers/STM32F0xx_HAL_Driver/Src/stm32f0xx_hal_gpio.c ****   * @brief  De-initialize the GPIOx peripheral registers to their default reset values.
 306:Drivers/STM32F0xx_HAL_Driver/Src/stm32f0xx_hal_gpio.c ****   * @param  GPIOx where x can be (A..F) to select the GPIO peripheral for STM32F0 family
 307:Drivers/STM32F0xx_HAL_Driver/Src/stm32f0xx_hal_gpio.c ****   * @param  GPIO_Pin specifies the port bit to be written.
 308:Drivers/STM32F0xx_HAL_Driver/Src/stm32f0xx_hal_gpio.c ****   *         This parameter can be one of GPIO_PIN_x where x can be (0..15).
 309:Drivers/STM32F0xx_HAL_Driver/Src/stm32f0xx_hal_gpio.c ****   * @retval None
 310:Drivers/STM32F0xx_HAL_Driver/Src/stm32f0xx_hal_gpio.c ****   */
 311:Drivers/STM32F0xx_HAL_Driver/Src/stm32f0xx_hal_gpio.c **** void HAL_GPIO_DeInit(GPIO_TypeDef  *GPIOx, uint32_t GPIO_Pin)
 312:Drivers/STM32F0xx_HAL_Driver/Src/stm32f0xx_hal_gpio.c **** {
 381              		.loc 1 312 0
 382              		.cfi_startproc
 383              		@ args = 0, pretend = 0, frame = 0
 384              		@ frame_needed = 0, uses_anonymous_args = 0
 385              	.LVL47:
 386 0000 F0B5     		push	{r4, r5, r6, r7, lr}
 387              	.LCFI3:
 388              		.cfi_def_cfa_offset 20
 389              		.cfi_offset 4, -20
 390              		.cfi_offset 5, -16
 391              		.cfi_offset 6, -12
 392              		.cfi_offset 7, -8
 393              		.cfi_offset 14, -4
 394 0002 D646     		mov	lr, r10
 395 0004 4F46     		mov	r7, r9
ARM GAS  /tmp/ccuQa3d1.s 			page 14


 396 0006 4646     		mov	r6, r8
 397 0008 C0B5     		push	{r6, r7, lr}
 398              	.LCFI4:
 399              		.cfi_def_cfa_offset 32
 400              		.cfi_offset 8, -32
 401              		.cfi_offset 9, -28
 402              		.cfi_offset 10, -24
 403              	.LVL48:
 313:Drivers/STM32F0xx_HAL_Driver/Src/stm32f0xx_hal_gpio.c ****   uint32_t position = 0x00U;
 404              		.loc 1 313 0
 405 000a 0023     		movs	r3, #0
 314:Drivers/STM32F0xx_HAL_Driver/Src/stm32f0xx_hal_gpio.c ****   uint32_t iocurrent = 0x00U;
 315:Drivers/STM32F0xx_HAL_Driver/Src/stm32f0xx_hal_gpio.c ****   uint32_t tmp = 0x00U;
 316:Drivers/STM32F0xx_HAL_Driver/Src/stm32f0xx_hal_gpio.c **** 
 317:Drivers/STM32F0xx_HAL_Driver/Src/stm32f0xx_hal_gpio.c ****   /* Check the parameters */
 318:Drivers/STM32F0xx_HAL_Driver/Src/stm32f0xx_hal_gpio.c ****   assert_param(IS_GPIO_ALL_INSTANCE(GPIOx));
 319:Drivers/STM32F0xx_HAL_Driver/Src/stm32f0xx_hal_gpio.c ****   assert_param(IS_GPIO_PIN(GPIO_Pin));
 320:Drivers/STM32F0xx_HAL_Driver/Src/stm32f0xx_hal_gpio.c **** 
 321:Drivers/STM32F0xx_HAL_Driver/Src/stm32f0xx_hal_gpio.c ****   /* Configure the port pins */
 322:Drivers/STM32F0xx_HAL_Driver/Src/stm32f0xx_hal_gpio.c ****   while ((GPIO_Pin >> position) != RESET)
 406              		.loc 1 322 0
 407 000c 06E0     		b	.L23
 408              	.LVL49:
 409              	.L33:
 323:Drivers/STM32F0xx_HAL_Driver/Src/stm32f0xx_hal_gpio.c ****   {
 324:Drivers/STM32F0xx_HAL_Driver/Src/stm32f0xx_hal_gpio.c ****     /* Get current io position */
 325:Drivers/STM32F0xx_HAL_Driver/Src/stm32f0xx_hal_gpio.c ****     iocurrent = GPIO_Pin & (1U << position);
 326:Drivers/STM32F0xx_HAL_Driver/Src/stm32f0xx_hal_gpio.c **** 
 327:Drivers/STM32F0xx_HAL_Driver/Src/stm32f0xx_hal_gpio.c ****     if (iocurrent)
 328:Drivers/STM32F0xx_HAL_Driver/Src/stm32f0xx_hal_gpio.c ****     {
 329:Drivers/STM32F0xx_HAL_Driver/Src/stm32f0xx_hal_gpio.c ****       /*------------------------- GPIO Mode Configuration --------------------*/
 330:Drivers/STM32F0xx_HAL_Driver/Src/stm32f0xx_hal_gpio.c ****       /* Configure IO Direction in Input Floting Mode */
 331:Drivers/STM32F0xx_HAL_Driver/Src/stm32f0xx_hal_gpio.c ****       CLEAR_BIT(GPIOx->MODER, GPIO_MODER_MODER0 << (position * 2U)); 
 332:Drivers/STM32F0xx_HAL_Driver/Src/stm32f0xx_hal_gpio.c ****   
 333:Drivers/STM32F0xx_HAL_Driver/Src/stm32f0xx_hal_gpio.c ****       /* Configure the default Alternate Function in current IO */ 
 334:Drivers/STM32F0xx_HAL_Driver/Src/stm32f0xx_hal_gpio.c ****       CLEAR_BIT(GPIOx->AFR[position >> 3U], 0xFU << ((uint32_t)(position & 0x07U) * 4U)) ;
 335:Drivers/STM32F0xx_HAL_Driver/Src/stm32f0xx_hal_gpio.c ****   
 336:Drivers/STM32F0xx_HAL_Driver/Src/stm32f0xx_hal_gpio.c ****       /* Configure the default value for IO Speed */
 337:Drivers/STM32F0xx_HAL_Driver/Src/stm32f0xx_hal_gpio.c ****       CLEAR_BIT(GPIOx->OSPEEDR, GPIO_OSPEEDER_OSPEEDR0 << (position * 2U));
 338:Drivers/STM32F0xx_HAL_Driver/Src/stm32f0xx_hal_gpio.c ****                   
 339:Drivers/STM32F0xx_HAL_Driver/Src/stm32f0xx_hal_gpio.c ****       /* Configure the default value IO Output Type */
 340:Drivers/STM32F0xx_HAL_Driver/Src/stm32f0xx_hal_gpio.c ****       CLEAR_BIT(GPIOx->OTYPER, GPIO_OTYPER_OT_0 << position) ;
 341:Drivers/STM32F0xx_HAL_Driver/Src/stm32f0xx_hal_gpio.c ****   
 342:Drivers/STM32F0xx_HAL_Driver/Src/stm32f0xx_hal_gpio.c ****       /* Deactivate the Pull-up oand Pull-down resistor for the current IO */
 343:Drivers/STM32F0xx_HAL_Driver/Src/stm32f0xx_hal_gpio.c ****       CLEAR_BIT(GPIOx->PUPDR, GPIO_PUPDR_PUPDR0 << (position * 2U));
 344:Drivers/STM32F0xx_HAL_Driver/Src/stm32f0xx_hal_gpio.c **** 
 345:Drivers/STM32F0xx_HAL_Driver/Src/stm32f0xx_hal_gpio.c ****       /*------------------------- EXTI Mode Configuration --------------------*/
 346:Drivers/STM32F0xx_HAL_Driver/Src/stm32f0xx_hal_gpio.c ****       /* Clear the External Interrupt or Event for the current IO */
 347:Drivers/STM32F0xx_HAL_Driver/Src/stm32f0xx_hal_gpio.c ****       
 348:Drivers/STM32F0xx_HAL_Driver/Src/stm32f0xx_hal_gpio.c ****       tmp = SYSCFG->EXTICR[position >> 2U];
 349:Drivers/STM32F0xx_HAL_Driver/Src/stm32f0xx_hal_gpio.c ****       tmp &= ((0x0FU) << (4U * (position & 0x03U)));
 350:Drivers/STM32F0xx_HAL_Driver/Src/stm32f0xx_hal_gpio.c ****       if(tmp == (GPIO_GET_INDEX(GPIOx) << (4U * (position & 0x03U))))
 410              		.loc 1 350 0
 411 000e 0325     		movs	r5, #3
 412 0010 00E0     		b	.L25
 413              	.L27:
 414 0012 0025     		movs	r5, #0
ARM GAS  /tmp/ccuQa3d1.s 			page 15


 415              	.L25:
 416              		.loc 1 350 0 is_stmt 0 discriminator 16
 417 0014 9540     		lsls	r5, r5, r2
 418 0016 A542     		cmp	r5, r4
 419 0018 4AD0     		beq	.L31
 420              	.LVL50:
 421              	.L24:
 351:Drivers/STM32F0xx_HAL_Driver/Src/stm32f0xx_hal_gpio.c ****       {
 352:Drivers/STM32F0xx_HAL_Driver/Src/stm32f0xx_hal_gpio.c ****         tmp = (0x0FU) << (4U * (position & 0x03U));
 353:Drivers/STM32F0xx_HAL_Driver/Src/stm32f0xx_hal_gpio.c ****         CLEAR_BIT(SYSCFG->EXTICR[position >> 2U], tmp);
 354:Drivers/STM32F0xx_HAL_Driver/Src/stm32f0xx_hal_gpio.c ****         
 355:Drivers/STM32F0xx_HAL_Driver/Src/stm32f0xx_hal_gpio.c ****         /* Clear EXTI line configuration */
 356:Drivers/STM32F0xx_HAL_Driver/Src/stm32f0xx_hal_gpio.c ****         CLEAR_BIT(EXTI->IMR, (uint32_t)iocurrent);
 357:Drivers/STM32F0xx_HAL_Driver/Src/stm32f0xx_hal_gpio.c ****         CLEAR_BIT(EXTI->EMR, (uint32_t)iocurrent);
 358:Drivers/STM32F0xx_HAL_Driver/Src/stm32f0xx_hal_gpio.c ****         
 359:Drivers/STM32F0xx_HAL_Driver/Src/stm32f0xx_hal_gpio.c ****         /* Clear Rising Falling edge configuration */
 360:Drivers/STM32F0xx_HAL_Driver/Src/stm32f0xx_hal_gpio.c ****         CLEAR_BIT(EXTI->RTSR, (uint32_t)iocurrent);
 361:Drivers/STM32F0xx_HAL_Driver/Src/stm32f0xx_hal_gpio.c ****         CLEAR_BIT(EXTI->FTSR, (uint32_t)iocurrent);
 362:Drivers/STM32F0xx_HAL_Driver/Src/stm32f0xx_hal_gpio.c ****       }
 363:Drivers/STM32F0xx_HAL_Driver/Src/stm32f0xx_hal_gpio.c ****     }
 364:Drivers/STM32F0xx_HAL_Driver/Src/stm32f0xx_hal_gpio.c ****     
 365:Drivers/STM32F0xx_HAL_Driver/Src/stm32f0xx_hal_gpio.c ****     position++;
 422              		.loc 1 365 0 is_stmt 1
 423 001a 0133     		adds	r3, r3, #1
 424              	.LVL51:
 425              	.L23:
 322:Drivers/STM32F0xx_HAL_Driver/Src/stm32f0xx_hal_gpio.c ****   {
 426              		.loc 1 322 0
 427 001c 0A00     		movs	r2, r1
 428 001e DA40     		lsrs	r2, r2, r3
 429 0020 5DD0     		beq	.L32
 325:Drivers/STM32F0xx_HAL_Driver/Src/stm32f0xx_hal_gpio.c **** 
 430              		.loc 1 325 0
 431 0022 0122     		movs	r2, #1
 432 0024 9A40     		lsls	r2, r2, r3
 433 0026 0F00     		movs	r7, r1
 434 0028 1740     		ands	r7, r2
 435 002a BA46     		mov	r10, r7
 436              	.LVL52:
 327:Drivers/STM32F0xx_HAL_Driver/Src/stm32f0xx_hal_gpio.c ****     {
 437              		.loc 1 327 0
 438 002c F5D0     		beq	.L24
 331:Drivers/STM32F0xx_HAL_Driver/Src/stm32f0xx_hal_gpio.c ****   
 439              		.loc 1 331 0
 440 002e 0568     		ldr	r5, [r0]
 441 0030 5E00     		lsls	r6, r3, #1
 442 0032 0324     		movs	r4, #3
 443 0034 2700     		movs	r7, r4
 444              	.LVL53:
 445 0036 B740     		lsls	r7, r7, r6
 446 0038 FE43     		mvns	r6, r7
 447 003a B446     		mov	ip, r6
 448 003c 3540     		ands	r5, r6
 449 003e 0560     		str	r5, [r0]
 334:Drivers/STM32F0xx_HAL_Driver/Src/stm32f0xx_hal_gpio.c ****   
 450              		.loc 1 334 0
 451 0040 DE08     		lsrs	r6, r3, #3
ARM GAS  /tmp/ccuQa3d1.s 			page 16


 452 0042 0836     		adds	r6, r6, #8
 453 0044 B600     		lsls	r6, r6, #2
 454 0046 3558     		ldr	r5, [r6, r0]
 455 0048 A946     		mov	r9, r5
 456 004a 0725     		movs	r5, #7
 457 004c 1D40     		ands	r5, r3
 458 004e AD00     		lsls	r5, r5, #2
 459 0050 0F27     		movs	r7, #15
 460 0052 B846     		mov	r8, r7
 461 0054 AF40     		lsls	r7, r7, r5
 462 0056 3D00     		movs	r5, r7
 463 0058 4F46     		mov	r7, r9
 464 005a AF43     		bics	r7, r5
 465 005c 3750     		str	r7, [r6, r0]
 337:Drivers/STM32F0xx_HAL_Driver/Src/stm32f0xx_hal_gpio.c ****                   
 466              		.loc 1 337 0
 467 005e 8568     		ldr	r5, [r0, #8]
 468 0060 6646     		mov	r6, ip
 469 0062 3540     		ands	r5, r6
 470 0064 8560     		str	r5, [r0, #8]
 340:Drivers/STM32F0xx_HAL_Driver/Src/stm32f0xx_hal_gpio.c ****   
 471              		.loc 1 340 0
 472 0066 4568     		ldr	r5, [r0, #4]
 473 0068 9543     		bics	r5, r2
 474 006a 4560     		str	r5, [r0, #4]
 343:Drivers/STM32F0xx_HAL_Driver/Src/stm32f0xx_hal_gpio.c **** 
 475              		.loc 1 343 0
 476 006c C268     		ldr	r2, [r0, #12]
 477 006e 3240     		ands	r2, r6
 478 0070 C260     		str	r2, [r0, #12]
 348:Drivers/STM32F0xx_HAL_Driver/Src/stm32f0xx_hal_gpio.c ****       tmp &= ((0x0FU) << (4U * (position & 0x03U)));
 479              		.loc 1 348 0
 480 0072 9E08     		lsrs	r6, r3, #2
 481 0074 B51C     		adds	r5, r6, #2
 482 0076 AD00     		lsls	r5, r5, #2
 483 0078 1B4A     		ldr	r2, .L34
 484 007a AD58     		ldr	r5, [r5, r2]
 485              	.LVL54:
 349:Drivers/STM32F0xx_HAL_Driver/Src/stm32f0xx_hal_gpio.c ****       if(tmp == (GPIO_GET_INDEX(GPIOx) << (4U * (position & 0x03U))))
 486              		.loc 1 349 0
 487 007c 2200     		movs	r2, r4
 488 007e 1A40     		ands	r2, r3
 489 0080 9200     		lsls	r2, r2, #2
 490 0082 4446     		mov	r4, r8
 491 0084 9440     		lsls	r4, r4, r2
 492 0086 A046     		mov	r8, r4
 493 0088 2C40     		ands	r4, r5
 494              	.LVL55:
 350:Drivers/STM32F0xx_HAL_Driver/Src/stm32f0xx_hal_gpio.c ****       {
 495              		.loc 1 350 0
 496 008a 9025     		movs	r5, #144
 497 008c ED05     		lsls	r5, r5, #23
 498 008e A842     		cmp	r0, r5
 499 0090 BFD0     		beq	.L27
 350:Drivers/STM32F0xx_HAL_Driver/Src/stm32f0xx_hal_gpio.c ****       {
 500              		.loc 1 350 0 is_stmt 0 discriminator 1
 501 0092 164D     		ldr	r5, .L34+4
ARM GAS  /tmp/ccuQa3d1.s 			page 17


 502 0094 A842     		cmp	r0, r5
 503 0096 07D0     		beq	.L28
 350:Drivers/STM32F0xx_HAL_Driver/Src/stm32f0xx_hal_gpio.c ****       {
 504              		.loc 1 350 0 discriminator 3
 505 0098 154D     		ldr	r5, .L34+8
 506 009a A842     		cmp	r0, r5
 507 009c 06D0     		beq	.L29
 350:Drivers/STM32F0xx_HAL_Driver/Src/stm32f0xx_hal_gpio.c ****       {
 508              		.loc 1 350 0 discriminator 5
 509 009e 154D     		ldr	r5, .L34+12
 510 00a0 A842     		cmp	r0, r5
 511 00a2 B4D0     		beq	.L33
 350:Drivers/STM32F0xx_HAL_Driver/Src/stm32f0xx_hal_gpio.c ****       {
 512              		.loc 1 350 0
 513 00a4 0525     		movs	r5, #5
 514 00a6 B5E7     		b	.L25
 515              	.L28:
 516 00a8 0125     		movs	r5, #1
 517 00aa B3E7     		b	.L25
 518              	.L29:
 519 00ac 0225     		movs	r5, #2
 520 00ae B1E7     		b	.L25
 521              	.L31:
 522              	.LVL56:
 353:Drivers/STM32F0xx_HAL_Driver/Src/stm32f0xx_hal_gpio.c ****         
 523              		.loc 1 353 0 is_stmt 1
 524 00b0 0D4D     		ldr	r5, .L34
 525 00b2 B21C     		adds	r2, r6, #2
 526 00b4 9200     		lsls	r2, r2, #2
 527 00b6 5459     		ldr	r4, [r2, r5]
 528 00b8 4646     		mov	r6, r8
 529 00ba B443     		bics	r4, r6
 530 00bc 5451     		str	r4, [r2, r5]
 356:Drivers/STM32F0xx_HAL_Driver/Src/stm32f0xx_hal_gpio.c ****         CLEAR_BIT(EXTI->EMR, (uint32_t)iocurrent);
 531              		.loc 1 356 0
 532 00be 0E4C     		ldr	r4, .L34+16
 533 00c0 2568     		ldr	r5, [r4]
 534 00c2 5246     		mov	r2, r10
 535 00c4 D243     		mvns	r2, r2
 536 00c6 1540     		ands	r5, r2
 537 00c8 2560     		str	r5, [r4]
 357:Drivers/STM32F0xx_HAL_Driver/Src/stm32f0xx_hal_gpio.c ****         
 538              		.loc 1 357 0
 539 00ca 6568     		ldr	r5, [r4, #4]
 540 00cc 1540     		ands	r5, r2
 541 00ce 6560     		str	r5, [r4, #4]
 360:Drivers/STM32F0xx_HAL_Driver/Src/stm32f0xx_hal_gpio.c ****         CLEAR_BIT(EXTI->FTSR, (uint32_t)iocurrent);
 542              		.loc 1 360 0
 543 00d0 A568     		ldr	r5, [r4, #8]
 544 00d2 1540     		ands	r5, r2
 545 00d4 A560     		str	r5, [r4, #8]
 361:Drivers/STM32F0xx_HAL_Driver/Src/stm32f0xx_hal_gpio.c ****       }
 546              		.loc 1 361 0
 547 00d6 E568     		ldr	r5, [r4, #12]
 548 00d8 2A40     		ands	r2, r5
 549 00da E260     		str	r2, [r4, #12]
 550 00dc 9DE7     		b	.L24
ARM GAS  /tmp/ccuQa3d1.s 			page 18


 551              	.LVL57:
 552              	.L32:
 366:Drivers/STM32F0xx_HAL_Driver/Src/stm32f0xx_hal_gpio.c ****   }
 367:Drivers/STM32F0xx_HAL_Driver/Src/stm32f0xx_hal_gpio.c **** }
 553              		.loc 1 367 0
 554              		@ sp needed
 555 00de 1CBC     		pop	{r2, r3, r4}
 556 00e0 9046     		mov	r8, r2
 557 00e2 9946     		mov	r9, r3
 558 00e4 A246     		mov	r10, r4
 559 00e6 F0BD     		pop	{r4, r5, r6, r7, pc}
 560              	.L35:
 561              		.align	2
 562              	.L34:
 563 00e8 00000140 		.word	1073807360
 564 00ec 00040048 		.word	1207960576
 565 00f0 00080048 		.word	1207961600
 566 00f4 000C0048 		.word	1207962624
 567 00f8 00040140 		.word	1073808384
 568              		.cfi_endproc
 569              	.LFE38:
 571              		.section	.text.HAL_GPIO_ReadPin,"ax",%progbits
 572              		.align	1
 573              		.global	HAL_GPIO_ReadPin
 574              		.syntax unified
 575              		.code	16
 576              		.thumb_func
 577              		.fpu softvfp
 579              	HAL_GPIO_ReadPin:
 580              	.LFB39:
 368:Drivers/STM32F0xx_HAL_Driver/Src/stm32f0xx_hal_gpio.c **** 
 369:Drivers/STM32F0xx_HAL_Driver/Src/stm32f0xx_hal_gpio.c **** /**
 370:Drivers/STM32F0xx_HAL_Driver/Src/stm32f0xx_hal_gpio.c ****   * @}
 371:Drivers/STM32F0xx_HAL_Driver/Src/stm32f0xx_hal_gpio.c ****   */
 372:Drivers/STM32F0xx_HAL_Driver/Src/stm32f0xx_hal_gpio.c **** 
 373:Drivers/STM32F0xx_HAL_Driver/Src/stm32f0xx_hal_gpio.c **** /** @defgroup GPIO_Exported_Functions_Group2 IO operation functions 
 374:Drivers/STM32F0xx_HAL_Driver/Src/stm32f0xx_hal_gpio.c ****  *  @brief GPIO Read, Write, Toggle, Lock and EXTI management functions.
 375:Drivers/STM32F0xx_HAL_Driver/Src/stm32f0xx_hal_gpio.c ****  *
 376:Drivers/STM32F0xx_HAL_Driver/Src/stm32f0xx_hal_gpio.c **** @verbatim   
 377:Drivers/STM32F0xx_HAL_Driver/Src/stm32f0xx_hal_gpio.c ****  ===============================================================================
 378:Drivers/STM32F0xx_HAL_Driver/Src/stm32f0xx_hal_gpio.c ****                        ##### IO operation functions #####
 379:Drivers/STM32F0xx_HAL_Driver/Src/stm32f0xx_hal_gpio.c ****  ===============================================================================  
 380:Drivers/STM32F0xx_HAL_Driver/Src/stm32f0xx_hal_gpio.c **** 
 381:Drivers/STM32F0xx_HAL_Driver/Src/stm32f0xx_hal_gpio.c **** @endverbatim
 382:Drivers/STM32F0xx_HAL_Driver/Src/stm32f0xx_hal_gpio.c ****   * @{
 383:Drivers/STM32F0xx_HAL_Driver/Src/stm32f0xx_hal_gpio.c ****   */
 384:Drivers/STM32F0xx_HAL_Driver/Src/stm32f0xx_hal_gpio.c **** 
 385:Drivers/STM32F0xx_HAL_Driver/Src/stm32f0xx_hal_gpio.c **** /**
 386:Drivers/STM32F0xx_HAL_Driver/Src/stm32f0xx_hal_gpio.c ****   * @brief  Read the specified input port pin.
 387:Drivers/STM32F0xx_HAL_Driver/Src/stm32f0xx_hal_gpio.c ****   * @param  GPIOx where x can be (A..F) to select the GPIO peripheral for STM32F0 family
 388:Drivers/STM32F0xx_HAL_Driver/Src/stm32f0xx_hal_gpio.c ****   * @param  GPIO_Pin specifies the port bit to read.
 389:Drivers/STM32F0xx_HAL_Driver/Src/stm32f0xx_hal_gpio.c ****   *         This parameter can be GPIO_PIN_x where x can be (0..15).
 390:Drivers/STM32F0xx_HAL_Driver/Src/stm32f0xx_hal_gpio.c ****   * @retval The input port pin value.
 391:Drivers/STM32F0xx_HAL_Driver/Src/stm32f0xx_hal_gpio.c ****   */
 392:Drivers/STM32F0xx_HAL_Driver/Src/stm32f0xx_hal_gpio.c **** GPIO_PinState HAL_GPIO_ReadPin(GPIO_TypeDef* GPIOx, uint16_t GPIO_Pin)
 393:Drivers/STM32F0xx_HAL_Driver/Src/stm32f0xx_hal_gpio.c **** {
 581              		.loc 1 393 0
ARM GAS  /tmp/ccuQa3d1.s 			page 19


 582              		.cfi_startproc
 583              		@ args = 0, pretend = 0, frame = 0
 584              		@ frame_needed = 0, uses_anonymous_args = 0
 585              		@ link register save eliminated.
 586              	.LVL58:
 394:Drivers/STM32F0xx_HAL_Driver/Src/stm32f0xx_hal_gpio.c ****   GPIO_PinState bitstatus;
 395:Drivers/STM32F0xx_HAL_Driver/Src/stm32f0xx_hal_gpio.c **** 
 396:Drivers/STM32F0xx_HAL_Driver/Src/stm32f0xx_hal_gpio.c ****   /* Check the parameters */
 397:Drivers/STM32F0xx_HAL_Driver/Src/stm32f0xx_hal_gpio.c ****   assert_param(IS_GPIO_PIN(GPIO_Pin));
 398:Drivers/STM32F0xx_HAL_Driver/Src/stm32f0xx_hal_gpio.c **** 
 399:Drivers/STM32F0xx_HAL_Driver/Src/stm32f0xx_hal_gpio.c ****   if ((GPIOx->IDR & GPIO_Pin) != (uint32_t)GPIO_PIN_RESET)
 587              		.loc 1 399 0
 588 0000 0369     		ldr	r3, [r0, #16]
 589 0002 0B42     		tst	r3, r1
 590 0004 01D1     		bne	.L39
 400:Drivers/STM32F0xx_HAL_Driver/Src/stm32f0xx_hal_gpio.c ****   {
 401:Drivers/STM32F0xx_HAL_Driver/Src/stm32f0xx_hal_gpio.c ****     bitstatus = GPIO_PIN_SET;
 402:Drivers/STM32F0xx_HAL_Driver/Src/stm32f0xx_hal_gpio.c ****   }
 403:Drivers/STM32F0xx_HAL_Driver/Src/stm32f0xx_hal_gpio.c ****   else
 404:Drivers/STM32F0xx_HAL_Driver/Src/stm32f0xx_hal_gpio.c ****   {
 405:Drivers/STM32F0xx_HAL_Driver/Src/stm32f0xx_hal_gpio.c ****     bitstatus = GPIO_PIN_RESET;
 591              		.loc 1 405 0
 592 0006 0020     		movs	r0, #0
 593              	.LVL59:
 594              	.L37:
 406:Drivers/STM32F0xx_HAL_Driver/Src/stm32f0xx_hal_gpio.c ****   }
 407:Drivers/STM32F0xx_HAL_Driver/Src/stm32f0xx_hal_gpio.c ****   return bitstatus;
 408:Drivers/STM32F0xx_HAL_Driver/Src/stm32f0xx_hal_gpio.c ****   }
 595              		.loc 1 408 0
 596              		@ sp needed
 597 0008 7047     		bx	lr
 598              	.LVL60:
 599              	.L39:
 401:Drivers/STM32F0xx_HAL_Driver/Src/stm32f0xx_hal_gpio.c ****   }
 600              		.loc 1 401 0
 601 000a 0120     		movs	r0, #1
 602              	.LVL61:
 603 000c FCE7     		b	.L37
 604              		.cfi_endproc
 605              	.LFE39:
 607              		.section	.text.HAL_GPIO_WritePin,"ax",%progbits
 608              		.align	1
 609              		.global	HAL_GPIO_WritePin
 610              		.syntax unified
 611              		.code	16
 612              		.thumb_func
 613              		.fpu softvfp
 615              	HAL_GPIO_WritePin:
 616              	.LFB40:
 409:Drivers/STM32F0xx_HAL_Driver/Src/stm32f0xx_hal_gpio.c **** 
 410:Drivers/STM32F0xx_HAL_Driver/Src/stm32f0xx_hal_gpio.c **** /**
 411:Drivers/STM32F0xx_HAL_Driver/Src/stm32f0xx_hal_gpio.c ****   * @brief  Set or clear the selected data port bit.
 412:Drivers/STM32F0xx_HAL_Driver/Src/stm32f0xx_hal_gpio.c ****   * @note   This function uses GPIOx_BSRR and GPIOx_BRR registers to allow atomic read/modify
 413:Drivers/STM32F0xx_HAL_Driver/Src/stm32f0xx_hal_gpio.c ****   *         accesses. In this way, there is no risk of an IRQ occurring between
 414:Drivers/STM32F0xx_HAL_Driver/Src/stm32f0xx_hal_gpio.c ****   *         the read and the modify access.
 415:Drivers/STM32F0xx_HAL_Driver/Src/stm32f0xx_hal_gpio.c ****   *
 416:Drivers/STM32F0xx_HAL_Driver/Src/stm32f0xx_hal_gpio.c ****   * @param  GPIOx where x can be (A..H) to select the GPIO peripheral for STM32F0 family
ARM GAS  /tmp/ccuQa3d1.s 			page 20


 417:Drivers/STM32F0xx_HAL_Driver/Src/stm32f0xx_hal_gpio.c ****   * @param  GPIO_Pin specifies the port bit to be written.
 418:Drivers/STM32F0xx_HAL_Driver/Src/stm32f0xx_hal_gpio.c ****   *          This parameter can be one of GPIO_PIN_x where x can be (0..15).
 419:Drivers/STM32F0xx_HAL_Driver/Src/stm32f0xx_hal_gpio.c ****   * @param  PinState specifies the value to be written to the selected bit.
 420:Drivers/STM32F0xx_HAL_Driver/Src/stm32f0xx_hal_gpio.c ****   *          This parameter can be one of the GPIO_PinState enum values:
 421:Drivers/STM32F0xx_HAL_Driver/Src/stm32f0xx_hal_gpio.c ****   *            @arg GPIO_PIN_RESET: to clear the port pin
 422:Drivers/STM32F0xx_HAL_Driver/Src/stm32f0xx_hal_gpio.c ****   *            @arg GPIO_PIN_SET: to set the port pin
 423:Drivers/STM32F0xx_HAL_Driver/Src/stm32f0xx_hal_gpio.c ****   * @retval None
 424:Drivers/STM32F0xx_HAL_Driver/Src/stm32f0xx_hal_gpio.c ****   */
 425:Drivers/STM32F0xx_HAL_Driver/Src/stm32f0xx_hal_gpio.c **** void HAL_GPIO_WritePin(GPIO_TypeDef* GPIOx, uint16_t GPIO_Pin, GPIO_PinState PinState)
 426:Drivers/STM32F0xx_HAL_Driver/Src/stm32f0xx_hal_gpio.c **** {
 617              		.loc 1 426 0
 618              		.cfi_startproc
 619              		@ args = 0, pretend = 0, frame = 0
 620              		@ frame_needed = 0, uses_anonymous_args = 0
 621              		@ link register save eliminated.
 622              	.LVL62:
 427:Drivers/STM32F0xx_HAL_Driver/Src/stm32f0xx_hal_gpio.c ****   /* Check the parameters */
 428:Drivers/STM32F0xx_HAL_Driver/Src/stm32f0xx_hal_gpio.c ****   assert_param(IS_GPIO_PIN(GPIO_Pin));
 429:Drivers/STM32F0xx_HAL_Driver/Src/stm32f0xx_hal_gpio.c ****   assert_param(IS_GPIO_PIN_ACTION(PinState));
 430:Drivers/STM32F0xx_HAL_Driver/Src/stm32f0xx_hal_gpio.c **** 
 431:Drivers/STM32F0xx_HAL_Driver/Src/stm32f0xx_hal_gpio.c ****   if (PinState != GPIO_PIN_RESET)
 623              		.loc 1 431 0
 624 0000 002A     		cmp	r2, #0
 625 0002 01D1     		bne	.L43
 432:Drivers/STM32F0xx_HAL_Driver/Src/stm32f0xx_hal_gpio.c ****   {
 433:Drivers/STM32F0xx_HAL_Driver/Src/stm32f0xx_hal_gpio.c ****     GPIOx->BSRR = (uint32_t)GPIO_Pin;
 434:Drivers/STM32F0xx_HAL_Driver/Src/stm32f0xx_hal_gpio.c ****   }
 435:Drivers/STM32F0xx_HAL_Driver/Src/stm32f0xx_hal_gpio.c ****   else
 436:Drivers/STM32F0xx_HAL_Driver/Src/stm32f0xx_hal_gpio.c ****   {
 437:Drivers/STM32F0xx_HAL_Driver/Src/stm32f0xx_hal_gpio.c ****     GPIOx->BRR = (uint32_t)GPIO_Pin;
 626              		.loc 1 437 0
 627 0004 8162     		str	r1, [r0, #40]
 628              	.L40:
 438:Drivers/STM32F0xx_HAL_Driver/Src/stm32f0xx_hal_gpio.c ****   }
 439:Drivers/STM32F0xx_HAL_Driver/Src/stm32f0xx_hal_gpio.c **** }
 629              		.loc 1 439 0
 630              		@ sp needed
 631 0006 7047     		bx	lr
 632              	.L43:
 433:Drivers/STM32F0xx_HAL_Driver/Src/stm32f0xx_hal_gpio.c ****   }
 633              		.loc 1 433 0
 634 0008 8161     		str	r1, [r0, #24]
 635 000a FCE7     		b	.L40
 636              		.cfi_endproc
 637              	.LFE40:
 639              		.section	.text.HAL_GPIO_TogglePin,"ax",%progbits
 640              		.align	1
 641              		.global	HAL_GPIO_TogglePin
 642              		.syntax unified
 643              		.code	16
 644              		.thumb_func
 645              		.fpu softvfp
 647              	HAL_GPIO_TogglePin:
 648              	.LFB41:
 440:Drivers/STM32F0xx_HAL_Driver/Src/stm32f0xx_hal_gpio.c ****   
 441:Drivers/STM32F0xx_HAL_Driver/Src/stm32f0xx_hal_gpio.c **** /**
 442:Drivers/STM32F0xx_HAL_Driver/Src/stm32f0xx_hal_gpio.c ****   * @brief  Toggle the specified GPIO pin.
ARM GAS  /tmp/ccuQa3d1.s 			page 21


 443:Drivers/STM32F0xx_HAL_Driver/Src/stm32f0xx_hal_gpio.c ****   * @param  GPIOx where x can be (A..F) to select the GPIO peripheral for STM32F0 family
 444:Drivers/STM32F0xx_HAL_Driver/Src/stm32f0xx_hal_gpio.c ****   * @param  GPIO_Pin specifies the pin to be toggled.
 445:Drivers/STM32F0xx_HAL_Driver/Src/stm32f0xx_hal_gpio.c ****   * @retval None
 446:Drivers/STM32F0xx_HAL_Driver/Src/stm32f0xx_hal_gpio.c ****   */
 447:Drivers/STM32F0xx_HAL_Driver/Src/stm32f0xx_hal_gpio.c **** void HAL_GPIO_TogglePin(GPIO_TypeDef* GPIOx, uint16_t GPIO_Pin)
 448:Drivers/STM32F0xx_HAL_Driver/Src/stm32f0xx_hal_gpio.c **** {
 649              		.loc 1 448 0
 650              		.cfi_startproc
 651              		@ args = 0, pretend = 0, frame = 0
 652              		@ frame_needed = 0, uses_anonymous_args = 0
 653              		@ link register save eliminated.
 654              	.LVL63:
 449:Drivers/STM32F0xx_HAL_Driver/Src/stm32f0xx_hal_gpio.c ****   /* Check the parameters */
 450:Drivers/STM32F0xx_HAL_Driver/Src/stm32f0xx_hal_gpio.c ****   assert_param(IS_GPIO_PIN(GPIO_Pin));
 451:Drivers/STM32F0xx_HAL_Driver/Src/stm32f0xx_hal_gpio.c **** 
 452:Drivers/STM32F0xx_HAL_Driver/Src/stm32f0xx_hal_gpio.c ****   GPIOx->ODR ^= GPIO_Pin;
 655              		.loc 1 452 0
 656 0000 4369     		ldr	r3, [r0, #20]
 657 0002 5940     		eors	r1, r3
 658              	.LVL64:
 659 0004 4161     		str	r1, [r0, #20]
 453:Drivers/STM32F0xx_HAL_Driver/Src/stm32f0xx_hal_gpio.c **** }
 660              		.loc 1 453 0
 661              		@ sp needed
 662 0006 7047     		bx	lr
 663              		.cfi_endproc
 664              	.LFE41:
 666              		.section	.text.HAL_GPIO_LockPin,"ax",%progbits
 667              		.align	1
 668              		.global	HAL_GPIO_LockPin
 669              		.syntax unified
 670              		.code	16
 671              		.thumb_func
 672              		.fpu softvfp
 674              	HAL_GPIO_LockPin:
 675              	.LFB42:
 454:Drivers/STM32F0xx_HAL_Driver/Src/stm32f0xx_hal_gpio.c **** 
 455:Drivers/STM32F0xx_HAL_Driver/Src/stm32f0xx_hal_gpio.c **** /**
 456:Drivers/STM32F0xx_HAL_Driver/Src/stm32f0xx_hal_gpio.c **** * @brief  Locks GPIO Pins configuration registers.
 457:Drivers/STM32F0xx_HAL_Driver/Src/stm32f0xx_hal_gpio.c **** * @note   The locked registers are GPIOx_MODER, GPIOx_OTYPER, GPIOx_OSPEEDR,
 458:Drivers/STM32F0xx_HAL_Driver/Src/stm32f0xx_hal_gpio.c **** *         GPIOx_PUPDR, GPIOx_AFRL and GPIOx_AFRH.
 459:Drivers/STM32F0xx_HAL_Driver/Src/stm32f0xx_hal_gpio.c **** * @note   The configuration of the locked GPIO pins can no longer be modified
 460:Drivers/STM32F0xx_HAL_Driver/Src/stm32f0xx_hal_gpio.c **** *         until the next reset.
 461:Drivers/STM32F0xx_HAL_Driver/Src/stm32f0xx_hal_gpio.c ****   * @param  GPIOx where x can be (A..F) to select the GPIO peripheral for STM32F0 family
 462:Drivers/STM32F0xx_HAL_Driver/Src/stm32f0xx_hal_gpio.c ****   * @param  GPIO_Pin specifies the port bits to be locked.
 463:Drivers/STM32F0xx_HAL_Driver/Src/stm32f0xx_hal_gpio.c **** *         This parameter can be any combination of GPIO_Pin_x where x can be (0..15).
 464:Drivers/STM32F0xx_HAL_Driver/Src/stm32f0xx_hal_gpio.c **** * @retval None
 465:Drivers/STM32F0xx_HAL_Driver/Src/stm32f0xx_hal_gpio.c **** */
 466:Drivers/STM32F0xx_HAL_Driver/Src/stm32f0xx_hal_gpio.c **** HAL_StatusTypeDef HAL_GPIO_LockPin(GPIO_TypeDef* GPIOx, uint16_t GPIO_Pin)
 467:Drivers/STM32F0xx_HAL_Driver/Src/stm32f0xx_hal_gpio.c **** {
 676              		.loc 1 467 0
 677              		.cfi_startproc
 678              		@ args = 0, pretend = 0, frame = 8
 679              		@ frame_needed = 0, uses_anonymous_args = 0
 680              		@ link register save eliminated.
 681              	.LVL65:
 682 0000 82B0     		sub	sp, sp, #8
ARM GAS  /tmp/ccuQa3d1.s 			page 22


 683              	.LCFI5:
 684              		.cfi_def_cfa_offset 8
 468:Drivers/STM32F0xx_HAL_Driver/Src/stm32f0xx_hal_gpio.c ****   __IO uint32_t tmp = GPIO_LCKR_LCKK;
 685              		.loc 1 468 0
 686 0002 8022     		movs	r2, #128
 687 0004 5202     		lsls	r2, r2, #9
 688 0006 0192     		str	r2, [sp, #4]
 469:Drivers/STM32F0xx_HAL_Driver/Src/stm32f0xx_hal_gpio.c **** 
 470:Drivers/STM32F0xx_HAL_Driver/Src/stm32f0xx_hal_gpio.c ****   /* Check the parameters */
 471:Drivers/STM32F0xx_HAL_Driver/Src/stm32f0xx_hal_gpio.c ****   assert_param(IS_GPIO_LOCK_INSTANCE(GPIOx));
 472:Drivers/STM32F0xx_HAL_Driver/Src/stm32f0xx_hal_gpio.c ****   assert_param(IS_GPIO_PIN(GPIO_Pin));
 473:Drivers/STM32F0xx_HAL_Driver/Src/stm32f0xx_hal_gpio.c **** 
 474:Drivers/STM32F0xx_HAL_Driver/Src/stm32f0xx_hal_gpio.c ****   /* Apply lock key write sequence */
 475:Drivers/STM32F0xx_HAL_Driver/Src/stm32f0xx_hal_gpio.c ****   SET_BIT(tmp, GPIO_Pin);
 689              		.loc 1 475 0
 690 0008 019B     		ldr	r3, [sp, #4]
 691 000a 0B43     		orrs	r3, r1
 692 000c 0193     		str	r3, [sp, #4]
 476:Drivers/STM32F0xx_HAL_Driver/Src/stm32f0xx_hal_gpio.c ****   /* Set LCKx bit(s): LCKK='1' + LCK[15-0] */
 477:Drivers/STM32F0xx_HAL_Driver/Src/stm32f0xx_hal_gpio.c ****   GPIOx->LCKR = tmp;
 693              		.loc 1 477 0
 694 000e 019B     		ldr	r3, [sp, #4]
 695 0010 C361     		str	r3, [r0, #28]
 478:Drivers/STM32F0xx_HAL_Driver/Src/stm32f0xx_hal_gpio.c ****   /* Reset LCKx bit(s): LCKK='0' + LCK[15-0] */
 479:Drivers/STM32F0xx_HAL_Driver/Src/stm32f0xx_hal_gpio.c ****   GPIOx->LCKR = GPIO_Pin;
 696              		.loc 1 479 0
 697 0012 C161     		str	r1, [r0, #28]
 480:Drivers/STM32F0xx_HAL_Driver/Src/stm32f0xx_hal_gpio.c ****   /* Set LCKx bit(s): LCKK='1' + LCK[15-0] */
 481:Drivers/STM32F0xx_HAL_Driver/Src/stm32f0xx_hal_gpio.c ****   GPIOx->LCKR = tmp;
 698              		.loc 1 481 0
 699 0014 019B     		ldr	r3, [sp, #4]
 700 0016 C361     		str	r3, [r0, #28]
 482:Drivers/STM32F0xx_HAL_Driver/Src/stm32f0xx_hal_gpio.c ****   /* Read LCKK bit*/
 483:Drivers/STM32F0xx_HAL_Driver/Src/stm32f0xx_hal_gpio.c ****   tmp = GPIOx->LCKR;
 701              		.loc 1 483 0
 702 0018 C369     		ldr	r3, [r0, #28]
 703 001a 0193     		str	r3, [sp, #4]
 484:Drivers/STM32F0xx_HAL_Driver/Src/stm32f0xx_hal_gpio.c **** 
 485:Drivers/STM32F0xx_HAL_Driver/Src/stm32f0xx_hal_gpio.c ****   if((GPIOx->LCKR & GPIO_LCKR_LCKK) != RESET)
 704              		.loc 1 485 0
 705 001c C369     		ldr	r3, [r0, #28]
 706 001e 1342     		tst	r3, r2
 707 0020 02D1     		bne	.L48
 486:Drivers/STM32F0xx_HAL_Driver/Src/stm32f0xx_hal_gpio.c ****   {
 487:Drivers/STM32F0xx_HAL_Driver/Src/stm32f0xx_hal_gpio.c ****     return HAL_OK;
 488:Drivers/STM32F0xx_HAL_Driver/Src/stm32f0xx_hal_gpio.c ****   }
 489:Drivers/STM32F0xx_HAL_Driver/Src/stm32f0xx_hal_gpio.c ****   else
 490:Drivers/STM32F0xx_HAL_Driver/Src/stm32f0xx_hal_gpio.c ****   {
 491:Drivers/STM32F0xx_HAL_Driver/Src/stm32f0xx_hal_gpio.c ****     return HAL_ERROR;
 708              		.loc 1 491 0
 709 0022 0120     		movs	r0, #1
 710              	.LVL66:
 711              	.L46:
 492:Drivers/STM32F0xx_HAL_Driver/Src/stm32f0xx_hal_gpio.c ****   }
 493:Drivers/STM32F0xx_HAL_Driver/Src/stm32f0xx_hal_gpio.c **** }
 712              		.loc 1 493 0
 713 0024 02B0     		add	sp, sp, #8
ARM GAS  /tmp/ccuQa3d1.s 			page 23


 714              		@ sp needed
 715 0026 7047     		bx	lr
 716              	.LVL67:
 717              	.L48:
 487:Drivers/STM32F0xx_HAL_Driver/Src/stm32f0xx_hal_gpio.c ****   }
 718              		.loc 1 487 0
 719 0028 0020     		movs	r0, #0
 720              	.LVL68:
 721 002a FBE7     		b	.L46
 722              		.cfi_endproc
 723              	.LFE42:
 725              		.section	.text.HAL_GPIO_EXTI_Callback,"ax",%progbits
 726              		.align	1
 727              		.weak	HAL_GPIO_EXTI_Callback
 728              		.syntax unified
 729              		.code	16
 730              		.thumb_func
 731              		.fpu softvfp
 733              	HAL_GPIO_EXTI_Callback:
 734              	.LFB44:
 494:Drivers/STM32F0xx_HAL_Driver/Src/stm32f0xx_hal_gpio.c **** 
 495:Drivers/STM32F0xx_HAL_Driver/Src/stm32f0xx_hal_gpio.c **** /**
 496:Drivers/STM32F0xx_HAL_Driver/Src/stm32f0xx_hal_gpio.c ****   * @brief  Handle EXTI interrupt request.
 497:Drivers/STM32F0xx_HAL_Driver/Src/stm32f0xx_hal_gpio.c ****   * @param  GPIO_Pin Specifies the port pin connected to corresponding EXTI line.
 498:Drivers/STM32F0xx_HAL_Driver/Src/stm32f0xx_hal_gpio.c ****   * @retval None
 499:Drivers/STM32F0xx_HAL_Driver/Src/stm32f0xx_hal_gpio.c ****   */
 500:Drivers/STM32F0xx_HAL_Driver/Src/stm32f0xx_hal_gpio.c **** void HAL_GPIO_EXTI_IRQHandler(uint16_t GPIO_Pin)
 501:Drivers/STM32F0xx_HAL_Driver/Src/stm32f0xx_hal_gpio.c **** {
 502:Drivers/STM32F0xx_HAL_Driver/Src/stm32f0xx_hal_gpio.c ****   /* EXTI line interrupt detected */
 503:Drivers/STM32F0xx_HAL_Driver/Src/stm32f0xx_hal_gpio.c ****   if(__HAL_GPIO_EXTI_GET_IT(GPIO_Pin) != RESET) 
 504:Drivers/STM32F0xx_HAL_Driver/Src/stm32f0xx_hal_gpio.c ****   { 
 505:Drivers/STM32F0xx_HAL_Driver/Src/stm32f0xx_hal_gpio.c ****     __HAL_GPIO_EXTI_CLEAR_IT(GPIO_Pin);
 506:Drivers/STM32F0xx_HAL_Driver/Src/stm32f0xx_hal_gpio.c ****     HAL_GPIO_EXTI_Callback(GPIO_Pin);
 507:Drivers/STM32F0xx_HAL_Driver/Src/stm32f0xx_hal_gpio.c ****   }
 508:Drivers/STM32F0xx_HAL_Driver/Src/stm32f0xx_hal_gpio.c **** }
 509:Drivers/STM32F0xx_HAL_Driver/Src/stm32f0xx_hal_gpio.c **** 
 510:Drivers/STM32F0xx_HAL_Driver/Src/stm32f0xx_hal_gpio.c **** /**
 511:Drivers/STM32F0xx_HAL_Driver/Src/stm32f0xx_hal_gpio.c ****   * @brief  EXTI line detection callback.
 512:Drivers/STM32F0xx_HAL_Driver/Src/stm32f0xx_hal_gpio.c ****   * @param  GPIO_Pin Specifies the port pin connected to corresponding EXTI line.
 513:Drivers/STM32F0xx_HAL_Driver/Src/stm32f0xx_hal_gpio.c ****   * @retval None
 514:Drivers/STM32F0xx_HAL_Driver/Src/stm32f0xx_hal_gpio.c ****   */
 515:Drivers/STM32F0xx_HAL_Driver/Src/stm32f0xx_hal_gpio.c **** __weak void HAL_GPIO_EXTI_Callback(uint16_t GPIO_Pin)
 516:Drivers/STM32F0xx_HAL_Driver/Src/stm32f0xx_hal_gpio.c **** {
 735              		.loc 1 516 0
 736              		.cfi_startproc
 737              		@ args = 0, pretend = 0, frame = 0
 738              		@ frame_needed = 0, uses_anonymous_args = 0
 739              		@ link register save eliminated.
 740              	.LVL69:
 517:Drivers/STM32F0xx_HAL_Driver/Src/stm32f0xx_hal_gpio.c ****   /* Prevent unused argument(s) compilation warning */
 518:Drivers/STM32F0xx_HAL_Driver/Src/stm32f0xx_hal_gpio.c ****   UNUSED(GPIO_Pin);
 519:Drivers/STM32F0xx_HAL_Driver/Src/stm32f0xx_hal_gpio.c **** 
 520:Drivers/STM32F0xx_HAL_Driver/Src/stm32f0xx_hal_gpio.c ****   /* NOTE: This function should not be modified, when the callback is needed,
 521:Drivers/STM32F0xx_HAL_Driver/Src/stm32f0xx_hal_gpio.c ****             the HAL_GPIO_EXTI_Callback could be implemented in the user file
 522:Drivers/STM32F0xx_HAL_Driver/Src/stm32f0xx_hal_gpio.c ****    */ 
 523:Drivers/STM32F0xx_HAL_Driver/Src/stm32f0xx_hal_gpio.c **** }
 741              		.loc 1 523 0
ARM GAS  /tmp/ccuQa3d1.s 			page 24


 742              		@ sp needed
 743 0000 7047     		bx	lr
 744              		.cfi_endproc
 745              	.LFE44:
 747              		.section	.text.HAL_GPIO_EXTI_IRQHandler,"ax",%progbits
 748              		.align	1
 749              		.global	HAL_GPIO_EXTI_IRQHandler
 750              		.syntax unified
 751              		.code	16
 752              		.thumb_func
 753              		.fpu softvfp
 755              	HAL_GPIO_EXTI_IRQHandler:
 756              	.LFB43:
 501:Drivers/STM32F0xx_HAL_Driver/Src/stm32f0xx_hal_gpio.c ****   /* EXTI line interrupt detected */
 757              		.loc 1 501 0
 758              		.cfi_startproc
 759              		@ args = 0, pretend = 0, frame = 0
 760              		@ frame_needed = 0, uses_anonymous_args = 0
 761              	.LVL70:
 762 0000 10B5     		push	{r4, lr}
 763              	.LCFI6:
 764              		.cfi_def_cfa_offset 8
 765              		.cfi_offset 4, -8
 766              		.cfi_offset 14, -4
 503:Drivers/STM32F0xx_HAL_Driver/Src/stm32f0xx_hal_gpio.c ****   { 
 767              		.loc 1 503 0
 768 0002 054B     		ldr	r3, .L53
 769 0004 5B69     		ldr	r3, [r3, #20]
 770 0006 1842     		tst	r0, r3
 771 0008 00D1     		bne	.L52
 772              	.LVL71:
 773              	.L50:
 508:Drivers/STM32F0xx_HAL_Driver/Src/stm32f0xx_hal_gpio.c **** 
 774              		.loc 1 508 0
 775              		@ sp needed
 776 000a 10BD     		pop	{r4, pc}
 777              	.LVL72:
 778              	.L52:
 505:Drivers/STM32F0xx_HAL_Driver/Src/stm32f0xx_hal_gpio.c ****     HAL_GPIO_EXTI_Callback(GPIO_Pin);
 779              		.loc 1 505 0
 780 000c 024B     		ldr	r3, .L53
 781 000e 5861     		str	r0, [r3, #20]
 506:Drivers/STM32F0xx_HAL_Driver/Src/stm32f0xx_hal_gpio.c ****   }
 782              		.loc 1 506 0
 783 0010 FFF7FEFF 		bl	HAL_GPIO_EXTI_Callback
 784              	.LVL73:
 508:Drivers/STM32F0xx_HAL_Driver/Src/stm32f0xx_hal_gpio.c **** 
 785              		.loc 1 508 0
 786 0014 F9E7     		b	.L50
 787              	.L54:
 788 0016 C046     		.align	2
 789              	.L53:
 790 0018 00040140 		.word	1073808384
 791              		.cfi_endproc
 792              	.LFE43:
 794              		.text
 795              	.Letext0:
ARM GAS  /tmp/ccuQa3d1.s 			page 25


 796              		.file 2 "/usr/arm-none-eabi/include/machine/_default_types.h"
 797              		.file 3 "/usr/arm-none-eabi/include/sys/_stdint.h"
 798              		.file 4 "Drivers/CMSIS/Device/ST/STM32F0xx/Include/system_stm32f0xx.h"
 799              		.file 5 "Drivers/CMSIS/Device/ST/STM32F0xx/Include/stm32f070x6.h"
 800              		.file 6 "/usr/arm-none-eabi/include/sys/lock.h"
 801              		.file 7 "/usr/arm-none-eabi/include/sys/_types.h"
 802              		.file 8 "/usr/lib/gcc/arm-none-eabi/7.3.1/include/stddef.h"
 803              		.file 9 "/usr/arm-none-eabi/include/sys/reent.h"
 804              		.file 10 "Drivers/CMSIS/Device/ST/STM32F0xx/Include/stm32f0xx.h"
 805              		.file 11 "Drivers/STM32F0xx_HAL_Driver/Inc/stm32f0xx_hal_def.h"
 806              		.file 12 "Drivers/STM32F0xx_HAL_Driver/Inc/stm32f0xx_hal_gpio.h"
ARM GAS  /tmp/ccuQa3d1.s 			page 26


DEFINED SYMBOLS
                            *ABS*:0000000000000000 stm32f0xx_hal_gpio.c
     /tmp/ccuQa3d1.s:16     .text.HAL_GPIO_Init:0000000000000000 $t
     /tmp/ccuQa3d1.s:23     .text.HAL_GPIO_Init:0000000000000000 HAL_GPIO_Init
     /tmp/ccuQa3d1.s:362    .text.HAL_GPIO_Init:0000000000000174 $d
     /tmp/ccuQa3d1.s:372    .text.HAL_GPIO_DeInit:0000000000000000 $t
     /tmp/ccuQa3d1.s:379    .text.HAL_GPIO_DeInit:0000000000000000 HAL_GPIO_DeInit
     /tmp/ccuQa3d1.s:563    .text.HAL_GPIO_DeInit:00000000000000e8 $d
     /tmp/ccuQa3d1.s:572    .text.HAL_GPIO_ReadPin:0000000000000000 $t
     /tmp/ccuQa3d1.s:579    .text.HAL_GPIO_ReadPin:0000000000000000 HAL_GPIO_ReadPin
     /tmp/ccuQa3d1.s:608    .text.HAL_GPIO_WritePin:0000000000000000 $t
     /tmp/ccuQa3d1.s:615    .text.HAL_GPIO_WritePin:0000000000000000 HAL_GPIO_WritePin
     /tmp/ccuQa3d1.s:640    .text.HAL_GPIO_TogglePin:0000000000000000 $t
     /tmp/ccuQa3d1.s:647    .text.HAL_GPIO_TogglePin:0000000000000000 HAL_GPIO_TogglePin
     /tmp/ccuQa3d1.s:667    .text.HAL_GPIO_LockPin:0000000000000000 $t
     /tmp/ccuQa3d1.s:674    .text.HAL_GPIO_LockPin:0000000000000000 HAL_GPIO_LockPin
     /tmp/ccuQa3d1.s:726    .text.HAL_GPIO_EXTI_Callback:0000000000000000 $t
     /tmp/ccuQa3d1.s:733    .text.HAL_GPIO_EXTI_Callback:0000000000000000 HAL_GPIO_EXTI_Callback
     /tmp/ccuQa3d1.s:748    .text.HAL_GPIO_EXTI_IRQHandler:0000000000000000 $t
     /tmp/ccuQa3d1.s:755    .text.HAL_GPIO_EXTI_IRQHandler:0000000000000000 HAL_GPIO_EXTI_IRQHandler
     /tmp/ccuQa3d1.s:790    .text.HAL_GPIO_EXTI_IRQHandler:0000000000000018 $d

NO UNDEFINED SYMBOLS
